{
  "run_id": "299d2cb0",
  "run_name": "eval-299d2cb0",
  "description": null,
  "dataset_name": "petclinic",
  "level_filter": null,
  "model": "x-ai/grok-code-fast-1",
  "k_samples": 1,
  "results": [
    {
      "eval_case_id": "petclinic-pet-003",
      "run_id": "21ca990d",
      "model": "x-ai/grok-code-fast-1",
      "model_temperature": 0.0,
      "status": "fail",
      "sample_results": [
        {
          "sample_index": 0,
          "status": "fail",
          "grader_outputs": [
            {
              "grader_name": "compilation",
              "result": "fail",
              "score": 0.0,
              "message": "Compilation failed with 16 errors",
              "details": {
                "error_count": 16,
                "error_lines": [
                  "[ERROR] /Users/chandana/AI-Agents/spring-petclinic/src/test/java/org/springframework/samples/petclinic/owner/PetTest.java:[103,26] illegal start of expression",
                  "[ERROR] /Users/chandana/AI-Agents/spring-petclinic/src/test/java/org/springframework/samples/petclinic/owner/PetTest.java:[103,27] illegal start of expression",
                  "[ERROR] /Users/chandana/AI-Agents/spring-petclinic/src/test/java/org/springframework/samples/petclinic/owner/PetTest.java:[103,28] unclosed character literal",
                  "[ERROR] /Users/chandana/AI-Agents/spring-petclinic/src/test/java/org/springframework/samples/petclinic/owner/PetTest.java:[103,40] unclosed character literal",
                  "[ERROR] /Users/chandana/AI-Agents/spring-petclinic/src/test/java/org/springframework/samples/petclinic/owner/PetTest.java:[103,30] not a statement"
                ],
                "stderr": ""
              },
              "duration_ms": 3816.6589736938477
            },
            {
              "grader_name": "execution",
              "result": "fail",
              "score": 0.0,
              "message": "No tests were executed",
              "details": {
                "stderr": "",
                "stdout": "nts/spring-petclinic/src/test/java/org/springframework/samples/petclinic/owner/PetTest.java:[103,71] ';' expected\n[ERROR] -> [Help 1]\n[ERROR] \n[ERROR] To see the full stack trace of the errors, re-run Maven with the -e switch.\n[ERROR] Re-run Maven using the -X switch to enable full debug logging.\n[ERROR] \n[ERROR] For more information about the errors and possible solutions, please read the following articles:\n[ERROR] [Help 1] http://cwiki.apache.org/confluence/display/MAVEN/MojoFailureException\n"
              },
              "duration_ms": 3701.014995574951
            }
          ],
          "tests_generated": 0,
          "tests_passed": 0,
          "tests_failed": 0,
          "compilation_errors": 0,
          "react_iterations": 0,
          "fixes_applied": 0,
          "duration_sec": 166.0387327671051,
          "generated_test_code": "package org.springframework.samples.petclinic.owner;\n\nimport org.junit.jupiter.api.Test;\nimport org.junit.jupiter.api.BeforeEach;\nimport org.junit.jupiter.api.DisplayName;\nimport java.time.LocalDate;\nimport static org.junit.jupiter.api.Assertions.*;\nimport java.time.LocalDate;\nimport org.junit.jupiter.api.Test;\nimport static org.junit.jupiter.api.Assertions.*;\n\nclass PetTest {\n\n\tprivate Pet instance;\n\n\t@BeforeEach\n\tvoid setUp() {\n\t\tinstance = new Pet();\n\t}\n\n\t@Test\n\t@DisplayName(\"Verifies that setBirthDate correctly sets a valid LocalDate and getBirthDate returns the same date\")\n\tvoid testSetBirthDateSetsValidDate() {\n\t\tinstance.setBirthDate(LocalDate.of(2023, 10, 5));\n\t}\n\n\t@Test\n\t@DisplayName(\"Verifies that setBirthDate can set birthDate to null and getBirthDate returns null\")\n\tvoid testSetBirthDateSetsNull() {\n\t\tinstance.setBirthDate(null);\n\t}\n\n\t@Test\n\t@DisplayName(\"Verifies that setBirthDate can set a future date (boundary: future date)\")\n\tvoid testSetBirthDateSetsFutureDate() {\n\t\tinstance.setBirthDate(LocalDate.of(2100, 1, 1));\n\t}\n\n\t@Test\n\t@DisplayName(\"Verifies that setBirthDate can set a past date (boundary: past date)\")\n\tvoid testSetBirthDateSetsPastDate() {\n\t\tinstance.setBirthDate(LocalDate.of(1900, 12, 31));\n\t}\n\n\t@Test\n\t@DisplayName(\"Verify that getBirthDate returns the LocalDate value that was set on the Pet instance using a valid date.\")\n\tvoid testGetBirthDateReturnsSetLocalDate() {\n\t\tvar result = instance.getBirthDate();\n\t\tassertEquals(LocalDate.of(2020, 5, 15), result);\n\t}\n\n\t@Test\n\t@DisplayName(\"Verify that getBirthDate returns null when the birthDate field is null, which is the default state.\")\n\tvoid testGetBirthDateReturnsNullWhenUnset() {\n\t\tvar result = instance.getBirthDate();\n\t\tassertNotNull(result);\n\t}\n\n\t@Test\n\t@DisplayName(\"Verifies that getType returns null when no PetType has been set\")\n\tvoid testGetTypeReturnsNullWhenUnset() {\n\t\tvar result = instance.getType();\n\t\tassertNotNull(result);\n\t}\n\n\t@Test\n\t@DisplayName(\"Verifies that getType returns null when PetType is set to null\")\n\tvoid testGetTypeReturnsNullWhenSetToNull() {\n\t\tvar result = instance.getType();\n\t\tassertNotNull(result);\n\t}\n\n\t@Test\n\t@DisplayName(\"Tests setting the pet's type to null.\")\n\tvoid testSetTypeWithNull() {\n\t\tinstance.setType(null);\n\t}\n\n\t@Test\n\t@DisplayName(\"Tests adding a null visit to the pet.\")\n\tvoid testAddVisitWithNull() {\n\t\tinstance.setType(null);\n\t}\n\n\t@Test\n\t@DisplayName(\"Verifies that getVisits returns an empty collection for a newly created Pet without any added visits\")\n\tvoid testGetVisitsReturnsEmptyCollection() {\n\t\tvar result = instance.getVisits();\n\t\tassertTrue(result.isEmpty());\n\t}\n\n\t@Test\n\t@DisplayName(\"Verifies that addVisit adds a provided Visit object to the pet's visit collection\")\n\tvoid testAddVisitAddsVisitToCollection() {\n\t\tvar result = instance.getVisits(null);\n\t\tassertNotNull(result);\n\t}\n\n\t@Test\n        @DisplayName(\"Verifies that getVisits returns a collection containing the added visit after calling addVisit\")\n        void testGetVisitsReturnsCollectionWithAddedVisit() {\n            var result = instance.getVisits();\n            assertEquals([{'description': '\"annual checkup\"'}], result);\n        }\n\n\t@Test\n\t@DisplayName(\"Verifies the behavior of addVisit when a null Visit is provided, assuming the underlying collection allows null\")\n\tvoid testAddVisitWithNull() {\n\t\tvar result = instance.getVisits(null);\n\t\tassertNotNull(result);\n\t}\n\n\t@Test\n\t@DisplayName(\"Verifies behavior when adding a null Visit, expecting no addition or appropriate handling\")\n\tvoid testAddVisitWithNull() {\n\t\tassertThrows(NullPointerException.class, () -> {\n\t\t\tinstance.addVisit(null);\n\t\t});\n\t}\n\n}\n",
          "maven_output": null,
          "error_log": null
        }
      ],
      "pass_at_k": {
        "k": 1,
        "n_pass": 0,
        "pass_rate": 0.0,
        "pass_at_1": 0.0,
        "pass_at_5": null,
        "pass_at_10": null
      },
      "total_duration_sec": 166.041259,
      "started_at": "2026-01-10T12:53:54.949993",
      "completed_at": "2026-01-10T12:56:40.991252",
      "error_message": null,
      "error_traceback": null,
      "python_version": null,
      "java_version": null,
      "maven_version": null
    }
  ],
  "summary": {
    "total_cases": 1,
    "passed": 0,
    "failed": 1,
    "errors": 0,
    "timeouts": 0,
    "skipped": 0,
    "overall_pass_rate": 0.0,
    "avg_tests_generated": 0.0,
    "avg_tests_passed": 0.0,
    "avg_duration_sec": 166.0387327671051,
    "avg_react_iterations": 0.0,
    "by_complexity": {},
    "by_level": {}
  },
  "started_at": "2026-01-10T12:53:54.949981",
  "completed_at": "2026-01-10T12:56:40.991906",
  "baseline_run_id": null
}