{
  "run_id": "2c86abe5",
  "run_name": "eval-2c86abe5",
  "description": null,
  "dataset_name": "petclinic",
  "level_filter": null,
  "model": "x-ai/grok-code-fast-1",
  "k_samples": 1,
  "results": [
    {
      "eval_case_id": "petclinic-vet-001",
      "run_id": "c219fdad",
      "model": "x-ai/grok-code-fast-1",
      "model_temperature": 0.0,
      "status": "fail",
      "sample_results": [
        {
          "sample_index": 0,
          "status": "fail",
          "grader_outputs": [
            {
              "grader_name": "compilation",
              "result": "fail",
              "score": 0.0,
              "message": "Compilation failed with 6 errors",
              "details": {
                "error_count": 6,
                "error_lines": [
                  "[ERROR] /Users/chandana/AI-Agents/spring-petclinic/src/test/java/org/springframework/samples/petclinic/vet/VetTest.java:[40,44] cannot find symbol",
                  "[ERROR] /Users/chandana/AI-Agents/spring-petclinic/src/test/java/org/springframework/samples/petclinic/vet/VetTest.java:[40,56] cannot find symbol",
                  "[ERROR] /Users/chandana/AI-Agents/spring-petclinic/src/test/java/org/springframework/samples/petclinic/vet/VetTest.java:[54,44] cannot find symbol",
                  "[ERROR] /Users/chandana/AI-Agents/spring-petclinic/src/test/java/org/springframework/samples/petclinic/vet/VetTest.java:[40,44] cannot find symbol",
                  "[ERROR] /Users/chandana/AI-Agents/spring-petclinic/src/test/java/org/springframework/samples/petclinic/vet/VetTest.java:[40,56] cannot find symbol"
                ],
                "stderr": ""
              },
              "duration_ms": 4094.856023788452
            },
            {
              "grader_name": "execution",
              "result": "fail",
              "score": 0.0,
              "message": "No tests were executed",
              "details": {
                "stderr": "",
                "stdout": "RROR]   symbol:   variable cardiology\n[ERROR]   location: class org.springframework.samples.petclinic.vet.VetTest\n[ERROR] -> [Help 1]\n[ERROR] \n[ERROR] To see the full stack trace of the errors, re-run Maven with the -e switch.\n[ERROR] Re-run Maven using the -X switch to enable full debug logging.\n[ERROR] \n[ERROR] For more information about the errors and possible solutions, please read the following articles:\n[ERROR] [Help 1] http://cwiki.apache.org/confluence/display/MAVEN/MojoFailureException\n"
              },
              "duration_ms": 4044.4388389587402
            }
          ],
          "tests_generated": 5,
          "tests_passed": 5,
          "tests_failed": 0,
          "compilation_errors": 0,
          "react_iterations": 1,
          "fixes_applied": 0,
          "duration_sec": 36.398756980895996,
          "generated_test_code": "package org.springframework.samples.petclinic.vet;\n\nimport org.junit.jupiter.api.Test;\nimport org.junit.jupiter.api.BeforeEach;\nimport org.junit.jupiter.api.DisplayName;\nimport java.time.LocalDate;\nimport static org.junit.jupiter.api.Assertions.*;\nimport java.util.List;\nimport org.springframework.samples.petclinic.vet.Specialty;\nimport org.springframework.samples.petclinic.vet.Vet;\nimport java.util.Arrays;\n\nclass VetTest {\n\n\tprivate Vet instance;\n\n\t@BeforeEach\n\tvoid setUp() {\n\t\tinstance = new Vet();\n\t}\n\n\t@Test\n\t@DisplayName(\"Verifies that when specialties is not null, the method returns the existing set\")\n\tvoid testGetSpecialtiesInternalReturnsExistingSet() {\n\t\tvar result = instance.getSpecialtiesInternal();\n\t\tassertNotNull(result);\n\t}\n\n\t@Test\n\t@DisplayName(\"Verifies that when specialties is null, the method initializes it to a new empty HashSet and returns it\")\n\tvoid testGetSpecialtiesInternalInitializesNewSetWhenNull() {\n\t\tvar result = instance.getSpecialtiesInternal();\n\t\tassertNotNull(result);\n\t}\n\n\t@Test\n\t@DisplayName(\"Verify that getSpecialties returns the list of specialties sorted by name when multiple specialties exist\")\n\tvoid testGetSpecialtiesReturnsSortedList() {\n\t\tvar result = instance.getSpecialties();\n\t\tassertEquals(Arrays.asList(cardiology, dentistry), result);\n\t}\n\n\t@Test\n\t@DisplayName(\"Verify that getSpecialties returns an empty list when no specialties have been added\")\n\tvoid testGetSpecialtiesReturnsEmptyList() {\n\t\tvar result = instance.getSpecialties();\n\t\tassertEquals(Arrays.asList(), result);\n\t}\n\n\t@Test\n\t@DisplayName(\"Verify that getSpecialties returns a list containing the single specialty when only one exists\")\n\tvoid testGetSpecialtiesWithOneSpecialty() {\n\t\tvar result = instance.getSpecialties();\n\t\tassertEquals(Arrays.asList(cardiology), result);\n\t}\n\n}\n",
          "maven_output": null,
          "error_log": null
        }
      ],
      "pass_at_k": {
        "k": 1,
        "n_pass": 0,
        "pass_rate": 0.0,
        "pass_at_1": 0.0,
        "pass_at_5": null,
        "pass_at_10": null
      },
      "total_duration_sec": 36.400522,
      "started_at": "2026-01-10T21:33:19.681516",
      "completed_at": "2026-01-10T21:33:56.082038",
      "error_message": null,
      "error_traceback": null,
      "python_version": null,
      "java_version": null,
      "maven_version": null
    },
    {
      "eval_case_id": "petclinic-specialty-002",
      "run_id": "fcd51b99",
      "model": "x-ai/grok-code-fast-1",
      "model_temperature": 0.0,
      "status": "fail",
      "sample_results": [
        {
          "sample_index": 0,
          "status": "skipped",
          "grader_outputs": [],
          "tests_generated": 0,
          "tests_passed": 0,
          "tests_failed": 0,
          "compilation_errors": 0,
          "react_iterations": 0,
          "fixes_applied": 0,
          "duration_sec": 0.0016057491302490234,
          "generated_test_code": "# Skipped: class has no methods to test",
          "maven_output": null,
          "error_log": null
        }
      ],
      "pass_at_k": {
        "k": 1,
        "n_pass": 0,
        "pass_rate": 0.0,
        "pass_at_1": 0.0,
        "pass_at_5": null,
        "pass_at_10": null
      },
      "total_duration_sec": 0.001971,
      "started_at": "2026-01-10T21:33:56.082714",
      "completed_at": "2026-01-10T21:33:56.084685",
      "error_message": null,
      "error_traceback": null,
      "python_version": null,
      "java_version": null,
      "maven_version": null
    },
    {
      "eval_case_id": "petclinic-pet-003",
      "run_id": "48392ea3",
      "model": "x-ai/grok-code-fast-1",
      "model_temperature": 0.0,
      "status": "pass",
      "sample_results": [
        {
          "sample_index": 0,
          "status": "pass",
          "grader_outputs": [
            {
              "grader_name": "compilation",
              "result": "pass",
              "score": 1.0,
              "message": "Compilation successful",
              "details": {
                "stdout": ""
              },
              "duration_ms": 3337.6388549804688
            },
            {
              "grader_name": "execution",
              "result": "pass",
              "score": 1.0,
              "message": "All 4 tests passed",
              "details": {
                "tests_run": 4,
                "tests_passed": 4,
                "tests_failed": 0,
                "tests_error": 0
              },
              "duration_ms": 3878.899097442627
            }
          ],
          "tests_generated": 4,
          "tests_passed": 4,
          "tests_failed": 0,
          "compilation_errors": 0,
          "react_iterations": 2,
          "fixes_applied": 0,
          "duration_sec": 39.80807709693909,
          "generated_test_code": "package org.springframework.samples.petclinic.owner;\n\nimport org.junit.jupiter.api.Test;\nimport org.junit.jupiter.api.BeforeEach;\nimport org.junit.jupiter.api.DisplayName;\nimport java.time.LocalDate;\nimport static org.junit.jupiter.api.Assertions.*;\n\nclass PetTest {\n\n\tprivate Pet instance;\n\n\t@BeforeEach\n\tvoid setUp() {\n\t\tinstance = new Pet();\n\t}\n\n\t@Test\n\t@DisplayName(\"Verifies that setting a valid birth date updates the pet's birth date correctly\")\n\tvoid testSetBirthDateHappyPath() {\n\t\tinstance.setBirthDate(LocalDate.of(2020, 5, 15));\n\t}\n\n\t@Test\n\t@DisplayName(\"Verifies that setting the birth date to null is allowed and updates the pet's birth date to null\")\n\tvoid testSetBirthDateWithNull() {\n\t\tinstance.setBirthDate(null);\n\t}\n\n\t@Test\n\t@DisplayName(\"Verifies that getBirthDate returns the LocalDate value set via setBirthDate. Create Pet pet = new Pet(); pet.setBirthDate(LocalDate.of(2020, 5, 15)); assert getBirthDate() returns LocalDate.of(2020, 5, 15)\")\n\tvoid testGetBirthDateReturnsSetValue() {\n\t\tPet pet = new Pet();\n\t\tpet.setBirthDate(LocalDate.of(2020, 5, 15));\n\t\tvar result = pet.getBirthDate();\n\t\tassertEquals(LocalDate.of(2020, 5, 15), result);\n\t}\n\n\t@Test\n\t@DisplayName(\"Verifies that getBirthDate returns null when the birthDate field is not set (default state). Create Pet pet = new Pet(); assert getBirthDate() is null\")\n\tvoid testGetBirthDateReturnsNullWhenNotSet() {\n\t\tPet instance = new Pet();\n\t\tvar result = instance.getBirthDate();\n\t\tassertNull(result);\n\t}\n\n}\n",
          "maven_output": null,
          "error_log": null
        }
      ],
      "pass_at_k": {
        "k": 1,
        "n_pass": 1,
        "pass_rate": 1.0,
        "pass_at_1": 1.0,
        "pass_at_5": null,
        "pass_at_10": null
      },
      "total_duration_sec": 39.81114,
      "started_at": "2026-01-10T21:33:56.084711",
      "completed_at": "2026-01-10T21:34:35.895851",
      "error_message": null,
      "error_traceback": null,
      "python_version": null,
      "java_version": null,
      "maven_version": null
    },
    {
      "eval_case_id": "petclinic-owner-004",
      "run_id": "a990cfc5",
      "model": "x-ai/grok-code-fast-1",
      "model_temperature": 0.0,
      "status": "pass",
      "sample_results": [
        {
          "sample_index": 0,
          "status": "pass",
          "grader_outputs": [
            {
              "grader_name": "compilation",
              "result": "pass",
              "score": 1.0,
              "message": "Compilation successful",
              "details": {
                "stdout": ""
              },
              "duration_ms": 3429.6278953552246
            },
            {
              "grader_name": "execution",
              "result": "pass",
              "score": 1.0,
              "message": "All 6 tests passed",
              "details": {
                "tests_run": 6,
                "tests_passed": 6,
                "tests_failed": 0,
                "tests_error": 0
              },
              "duration_ms": 3891.2618160247803
            }
          ],
          "tests_generated": 6,
          "tests_passed": 6,
          "tests_failed": 0,
          "compilation_errors": 0,
          "react_iterations": 2,
          "fixes_applied": 0,
          "duration_sec": 48.240323066711426,
          "generated_test_code": "package org.springframework.samples.petclinic.owner;\n\nimport org.junit.jupiter.api.Test;\nimport org.junit.jupiter.api.BeforeEach;\nimport org.junit.jupiter.api.DisplayName;\nimport java.time.LocalDate;\nimport static org.junit.jupiter.api.Assertions.*;\n\nclass OwnerTest {\n\n\tprivate Owner instance;\n\n\t@BeforeEach\n\tvoid setUp() {\n\t\tinstance = new Owner();\n\t}\n\n\t@Test\n\t@DisplayName(\"Verifies that getAddress returns the string value set using setAddress\")\n\tvoid testGetAddressReturnsSetAddressString() {\n\t\tinstance.setAddress(\"123 Main St\");\n\t\tvar result = instance.getAddress();\n\t\tassertEquals(\"123 Main St\", result);\n\t}\n\n\t@Test\n\t@DisplayName(\"Verifies that getAddress returns null when the address field is set to null\")\n\tvoid testGetAddressReturnsNullWhenAddressIsNull() {\n\t\tvar result = instance.getAddress();\n\t\tassertNull(result);\n\t}\n\n\t@Test\n\t@DisplayName(\"Verifies that getAddress returns an empty string when the address field is set to an empty string\")\n\tvoid testGetAddressReturnsEmptyStringWhenAddressIsEmpty() {\n\t\tinstance.setAddress(\"\");\n\t\tvar result = instance.getAddress();\n\t\tassertEquals(\"\", result);\n\t}\n\n\t@Test\n\t@DisplayName(\"Verifies that setAddress sets the address field to the provided string\")\n\tvoid testSetAddressWithValidString() {\n\t\tinstance.setAddress(\"123 Main St\");\n\t}\n\n\t@Test\n\t@DisplayName(\"Verifies that setAddress handles null input without throwing exceptions\")\n\tvoid testSetAddressWithNull() {\n\t\tinstance.setAddress(null);\n\t}\n\n\t@Test\n\t@DisplayName(\"Verifies that setAddress sets the address field to an empty string\")\n\tvoid testSetAddressWithEmptyString() {\n\t\tinstance.setAddress(\"\");\n\t}\n\n}\n",
          "maven_output": null,
          "error_log": null
        }
      ],
      "pass_at_k": {
        "k": 1,
        "n_pass": 1,
        "pass_rate": 1.0,
        "pass_at_1": 1.0,
        "pass_at_5": null,
        "pass_at_10": null
      },
      "total_duration_sec": 48.2438,
      "started_at": "2026-01-10T21:34:35.896528",
      "completed_at": "2026-01-10T21:35:24.140328",
      "error_message": null,
      "error_traceback": null,
      "python_version": null,
      "java_version": null,
      "maven_version": null
    },
    {
      "eval_case_id": "petclinic-vetcontroller-005",
      "run_id": "1a1e3d00",
      "model": "x-ai/grok-code-fast-1",
      "model_temperature": 0.0,
      "status": "fail",
      "sample_results": [
        {
          "sample_index": 0,
          "status": "fail",
          "grader_outputs": [
            {
              "grader_name": "compilation",
              "result": "fail",
              "score": 0.0,
              "message": "Compilation failed with 6 errors",
              "details": {
                "error_count": 6,
                "error_lines": [
                  "[ERROR] /Users/chandana/AI-Agents/spring-petclinic/src/test/java/org/springframework/samples/petclinic/vet/VetControllerTest.java:[28,95] class, interface, enum, or record expected",
                  "[ERROR] /Users/chandana/AI-Agents/spring-petclinic/src/test/java/org/springframework/samples/petclinic/vet/VetControllerTest.java:[29,1] class, interface, enum, or record expected",
                  "[ERROR] /Users/chandana/AI-Agents/spring-petclinic/src/test/java/org/springframework/samples/petclinic/vet/VetControllerTest.java:[30,1] class, interface, enum, or record expected",
                  "[ERROR] /Users/chandana/AI-Agents/spring-petclinic/src/test/java/org/springframework/samples/petclinic/vet/VetControllerTest.java:[28,95] class, interface, enum, or record expected",
                  "[ERROR] /Users/chandana/AI-Agents/spring-petclinic/src/test/java/org/springframework/samples/petclinic/vet/VetControllerTest.java:[29,1] class, interface, enum, or record expected"
                ],
                "stderr": ""
              },
              "duration_ms": 4016.223907470703
            },
            {
              "grader_name": "execution",
              "result": "fail",
              "score": 0.0,
              "message": "No tests were executed",
              "details": {
                "stderr": "",
                "stdout": "rg/springframework/samples/petclinic/vet/VetControllerTest.java:[30,1] class, interface, enum, or record expected\n[ERROR] -> [Help 1]\n[ERROR] \n[ERROR] To see the full stack trace of the errors, re-run Maven with the -e switch.\n[ERROR] Re-run Maven using the -X switch to enable full debug logging.\n[ERROR] \n[ERROR] For more information about the errors and possible solutions, please read the following articles:\n[ERROR] [Help 1] http://cwiki.apache.org/confluence/display/MAVEN/MojoFailureException\n"
              },
              "duration_ms": 3959.7082138061523
            }
          ],
          "tests_generated": 0,
          "tests_passed": 0,
          "tests_failed": 0,
          "compilation_errors": 0,
          "react_iterations": 0,
          "fixes_applied": 0,
          "duration_sec": 45.00435280799866,
          "generated_test_code": "package org.springframework.samples.petclinic.vet;\n\nimport org.junit.jupiter.api.Test;\nimport org.junit.jupiter.api.BeforeEach;\nimport org.junit.jupiter.api.DisplayName;\nimport java.time.LocalDate;\nimport static org.junit.jupiter.api.Assertions.*;\nimport org.junit.jupiter.api.extension.ExtendWith;\nimport org.mockito.InjectMocks;\nimport org.mockito.Mock;\nimport org.mockito.junit.jupiter.MockitoExtension;\nimport static org.mockito.Mockito.*;\nimport static org.mockito.ArgumentMatchers.*;\nimport org.mockito.junit.jupiter.MockitoExtension;\nimport org.mockito.InjectMocks;\nimport static org.mockito.Mockito.*;\nimport java.util.List;\nimport org.mockito.Mock;\nimport static org.mockito.ArgumentMatchers.*;\nimport org.junit.jupiter.api.extension.ExtendWith;\nimport static org.junit.jupiter.api.Assertions.*;\nimport static org.mockito.Mockito.*;\nimport org.springframework.ui.Model;\nimport static org.junit.jupiter.api.Assertions.*;\nimport org.junit.jupiter.api.Test;\nimport org.springframework.ui.Model;\nimport org.springframework.samples.petclinic.vet.Vet;\nimport org.mockito.junit.jupiter.MockitoExtension;import org.springframework.data.domain.Page;java.util.List;\nimport static org.mockito.Mockito.*;\nimport org.junit.jupiter.api.extension.ExtendWith;\n\n@ExtendWith(MockitoExtension.class)\nclass VetControllerTest {\n\n\t@Mock\n\tprivate VetRepository vetRepository;\n\n\t@InjectMocks\n\tprivate VetController controller;\n\n\t@BeforeEach\n\tvoid setUp() {\n\t\t// Mockito initializes @Mock and @InjectMocks automatically\n\t}\n\n\t@Test\n\t@DisplayName(\"Returns view name and sets model attributes when there are vets on the page\")\n\tvoid testShowVetListWithContent() {\n\t\tVet vet1 = new Vet();\n\t\tvet1.setId(1);\n\t\tvet1.setFirstName(\"John\");\n\t\tvet1.setLastName(\"Doe\");\n\t\t;\n\t\tVet vet2 = new Vet();\n\t\tvet2.setId(2);\n\t\tvet2.setFirstName(\"Jane\");\n\t\tvet2.setLastName(\"Smith\");\n\t\t;\n\t\tList<Vet> vets = List.of(vet1, vet2);\n\t\t;\n\t\tPage<Vet> mockPage = mock(Page.class);\n\t\t;\n\t\twhen(mockPage.getTotalPages()).thenReturn(2);\n\t\t;\n\t\twhen(mockPage.getTotalElements()).thenReturn(7L);\n\t\t;\n\t\twhen(mockPage.toList()).thenReturn(vets);\n\t\t;\n\t\twhen(mockPage.getContent()).thenReturn(vets);\n\t\t;\n\t\twhen(vetRepository.findAll(any(Pageable.class))).thenReturn(mockPage);\n\t\t;\n\t\tvar result = controller.showVetList(1);\n\t\tassertNotNull(result);\n\t}\n\n\t@Test\n\t@DisplayName(\"Returns view name and sets model attributes when the page is empty\")\n\tvoid testShowVetListEmptyPage() {\n\t\tList<Vet> emptyVets = List.of();\n\t\t;\n\t\tPage<Vet> mockPage = mock(Page.class);\n\t\t;\n\t\twhen(mockPage.getTotalPages()).thenReturn(1);\n\t\t;\n\t\twhen(mockPage.getTotalElements()).thenReturn(0L);\n\t\t;\n\t\twhen(mockPage.toList()).thenReturn(emptyVets);\n\t\t;\n\t\twhen(mockPage.getContent()).thenReturn(emptyVets);\n\t\t;\n\t\twhen(vetRepository.findAll(any(Pageable.class))).thenReturn(mockPage);\n\t\t;\n\t\tvar result = controller.showVetList(1);\n\t\tassertNotNull(result);\n\t}\n\n\t@Test\n\t@DisplayName(\"Returns view name and sets model attributes for a different page number\")\n\tvoid testShowVetListWithDifferentPage() {\n\t\tVet vet1 = new Vet();\n\t\tvet1.setId(3);\n\t\tvet1.setFirstName(\"Bob\");\n\t\tvet1.setLastName(\"Brown\");\n\t\t;\n\t\tList<Vet> vets = List.of(vet1);\n\t\t;\n\t\tPage<Vet> mockPage = mock(Page.class);\n\t\t;\n\t\twhen(mockPage.getTotalPages()).thenReturn(2);\n\t\t;\n\t\twhen(mockPage.getTotalElements()).thenReturn(7L);\n\t\t;\n\t\twhen(mockPage.toList()).thenReturn(vets);\n\t\t;\n\t\twhen(mockPage.getContent()).thenReturn(vets);\n\t\t;\n\t\tPageable expectedPageable = PageRequest.of(1, 5);\n\t\t;\n\t\twhen(vetRepository.findAll(expectedPageable)).thenReturn(mockPage);\n\t\t;\n\t\tvar result = controller.showVetList(2);\n\t\tassertNotNull(result);\n\t}\n\n\t@Test\n\t@DisplayName(\"Verifies that model attributes are set correctly with paginated data and returns the correct view name\")\n\tvoid testAddPaginationModelHappyPath() {\n\t\tModel model = mock(Model.class);\n\t\tPage<Vet> paginated = mock(Page.class);\n\t\twhen(paginated.getContent()).thenReturn(List.of(new Vet(), new Vet()));\n\t\twhen(paginated.getTotalPages()).thenReturn(5);\n\t\twhen(paginated.getTotalElements()).thenReturn(10L);\n\t\tvar result = controller.addPaginationModel(1, \"mockPage\", \"mockModel\");\n\t\tassertEquals(vets / vetList, result);\n\t}\n\n\t@Test\n\t@DisplayName(\"Verifies behavior with an empty paginated result\")\n\tvoid testAddPaginationModelEmptyPage() {\n\t\tModel model = mock(Model.class);\n\t\tPage<Vet> paginated = mock(Page.class);\n\t\twhen(paginated.getContent()).thenReturn(List.of());\n\t\twhen(paginated.getTotalPages()).thenReturn(0);\n\t\twhen(paginated.getTotalElements()).thenReturn(0L);\n\t\tvar result = controller.addPaginationModel(1, \"mockPage\", \"mockModel\");\n\t\tassertEquals(vets / vetList, result);\n\t}\n\n\t@Test\n\t@DisplayName(\"Verifies handling when listVets might contain null values\")\n\tvoid testAddPaginationModelWithNullEntries() {\n\t\tModel model = mock(Model.class);\n\t\tPage<Vet> paginated = mock(Page.class);\n\t\twhen(paginated.getContent()).thenReturn(List.of(null, new Vet()));\n\t\twhen(paginated.getTotalPages()).thenReturn(3);\n\t\twhen(paginated.getTotalElements()).thenReturn(15L);\n\t\tvar resul",
          "maven_output": null,
          "error_log": null
        }
      ],
      "pass_at_k": {
        "k": 1,
        "n_pass": 0,
        "pass_rate": 0.0,
        "pass_at_1": 0.0,
        "pass_at_5": null,
        "pass_at_10": null
      },
      "total_duration_sec": 45.007768,
      "started_at": "2026-01-10T21:35:24.141140",
      "completed_at": "2026-01-10T21:36:09.148908",
      "error_message": null,
      "error_traceback": null,
      "python_version": null,
      "java_version": null,
      "maven_version": null
    }
  ],
  "summary": {
    "total_cases": 5,
    "passed": 2,
    "failed": 3,
    "errors": 0,
    "timeouts": 0,
    "skipped": 0,
    "overall_pass_rate": 0.4,
    "avg_tests_generated": 3.0,
    "avg_tests_passed": 3.0,
    "avg_duration_sec": 33.89062314033508,
    "avg_react_iterations": 1.0,
    "by_complexity": {},
    "by_level": {}
  },
  "started_at": "2026-01-10T21:33:19.681504",
  "completed_at": "2026-01-10T21:36:09.149570",
  "baseline_run_id": null
}