{
  "run_id": "36300444",
  "run_name": "eval-36300444",
  "description": null,
  "dataset_name": "petclinic",
  "level_filter": null,
  "model": "x-ai/grok-code-fast-1",
  "k_samples": 1,
  "results": [
    {
      "eval_case_id": "petclinic-pet-003",
      "run_id": "d76a777a",
      "model": "x-ai/grok-code-fast-1",
      "model_temperature": 0.0,
      "status": "fail",
      "sample_results": [
        {
          "sample_index": 0,
          "status": "fail",
          "grader_outputs": [
            {
              "grader_name": "compilation",
              "result": "fail",
              "score": 0.0,
              "message": "Compilation failed with 2 errors",
              "details": {
                "error_count": 2,
                "error_lines": [
                  "[ERROR] /Users/chandana/AI-Agents/spring-petclinic/src/test/java/org/springframework/samples/petclinic/owner/PetTest.java:[74,34] incompatible types: java.lang.String cannot be converted to org.springframework.samples.petclinic.owner.PetType",
                  "[ERROR] /Users/chandana/AI-Agents/spring-petclinic/src/test/java/org/springframework/samples/petclinic/owner/PetTest.java:[74,34] incompatible types: java.lang.String cannot be converted to org.springframework.samples.petclinic.owner.PetType"
                ],
                "stderr": ""
              },
              "duration_ms": 5814.500093460083
            },
            {
              "grader_name": "execution",
              "result": "fail",
              "score": 0.0,
              "message": "No tests were executed",
              "details": {
                "stderr": "",
                "stdout": "tible types: java.lang.String cannot be converted to org.springframework.samples.petclinic.owner.PetType\n[ERROR] \n[ERROR] -> [Help 1]\n[ERROR] \n[ERROR] To see the full stack trace of the errors, re-run Maven with the -e switch.\n[ERROR] Re-run Maven using the -X switch to enable full debug logging.\n[ERROR] \n[ERROR] For more information about the errors and possible solutions, please read the following articles:\n[ERROR] [Help 1] http://cwiki.apache.org/confluence/display/MAVEN/MojoFailureException\n"
              },
              "duration_ms": 5660.303115844727
            }
          ],
          "tests_generated": 0,
          "tests_passed": 0,
          "tests_failed": 0,
          "compilation_errors": 0,
          "react_iterations": 0,
          "fixes_applied": 0,
          "duration_sec": 135.60277891159058,
          "generated_test_code": "package org.springframework.samples.petclinic.owner;\n\nimport org.junit.jupiter.api.Test;\nimport org.junit.jupiter.api.BeforeEach;\nimport org.junit.jupiter.api.DisplayName;\nimport java.time.LocalDate;\nimport static org.junit.jupiter.api.Assertions.*;\n\nclass PetTest {\n\n\tprivate Pet instance;\n\n\t@BeforeEach\n\tvoid setUp() {\n\t\tinstance = new Pet();\n\t}\n\n\t@Test\n\t@DisplayName(\"Verifies that setBirthDate correctly assigns a valid LocalDate to the birthDate field, and getBirthDate returns the set value\")\n\tvoid testSetBirthDateValid() {\n\t\tinstance.setBirthDate(LocalDate.of(2023, 1, 1));\n\t}\n\n\t@Test\n\t@DisplayName(\"Verifies that setBirthDate handles null input by setting birthDate to null, and getBirthDate returns null\")\n\tvoid testSetBirthDateNull() {\n\t\tinstance.setBirthDate(null);\n\t}\n\n\t@Test\n\t@DisplayName(\"Verify that getBirthDate returns the LocalDate that was set on the Pet instance\")\n\tvoid testGetBirthDateReturnsSetDate() {\n\t\tvar result = instance.getBirthDate();\n\t\tassertEquals(LocalDate.of(2023, 5, 15), result);\n\t}\n\n\t@Test\n\t@DisplayName(\"Verify that getBirthDate returns null if no birthDate has been set\")\n\tvoid testGetBirthDateReturnsNullWhenNotSet() {\n\t\tvar result = instance.getBirthDate();\n\t\tassertNotNull(result);\n\t}\n\n\t@Test\n\t@DisplayName(\"Verify that getBirthDate correctly returns different LocalDate values\")\n\tvoid testGetBirthDateWithDifferentDates() {\n\t\tvar result = instance.getBirthDate();\n\t\tassertEquals(LocalDate.of(1990, 1, 1), result);\n\t}\n\n\t@Test\n\t@DisplayName(\"Verifies that getType returns the PetType object that was set using setType\")\n\tvoid testGetTypeReturnsSetPetType() {\n\t\tvar result = instance.getType();\n\t\tassertNotNull(result);\n\t}\n\n\t@Test\n\t@DisplayName(\"Verifies that getType returns null when the type field is not set\")\n\tvoid testGetTypeReturnsNullWhenTypeIsNull() {\n\t\tvar result = instance.getType();\n\t\tassertNotNull(result);\n\t}\n\n\t@Test\n\t@DisplayName(\"Verifies that calling setType with a new PetType instance sets the type field correctly\")\n\tvoid testSetTypeSetsValidPetType() {\n\t\tinstance.setType(new PetType());\n\t}\n\n\t@Test\n\t@DisplayName(\"Verifies that calling setType with null sets the type field to null\")\n\tvoid testSetTypeHandlesNullInput() {\n\t\tinstance.setType(\"null\");\n\t}\n\n\t@Test\n\t@DisplayName(\"Verify that getVisits returns a non-null Collection.\")\n\tvoid testGetVisitsReturnsNonNull() {\n\t\tvar result = instance.getVisits();\n\t\tassertNotNull(result);\n\t}\n\n\t@Test\n\t@DisplayName(\"Verify that getVisits returns a Collection type.\")\n\tvoid testGetVisitsReturnsCollectionType() {\n\t\tvar result = instance.getVisits();\n\t\tassertNotNull(result);\n\t}\n\n\t@Test\n\t@DisplayName(\"Tests adding a null Visit to the Pet's visits list, ensuring no exception is thrown and null is added\")\n\tvoid testAddVisitWithNull() {\n\t\tinstance.addVisit(null);\n\t}\n\n}\n",
          "maven_output": null,
          "error_log": null
        }
      ],
      "pass_at_k": {
        "k": 1,
        "n_pass": 0,
        "pass_rate": 0.0,
        "pass_at_1": 0.0,
        "pass_at_5": null,
        "pass_at_10": null
      },
      "total_duration_sec": 135.606461,
      "started_at": "2026-01-10T13:13:23.839850",
      "completed_at": "2026-01-10T13:15:39.446311",
      "error_message": null,
      "error_traceback": null,
      "python_version": null,
      "java_version": null,
      "maven_version": null
    }
  ],
  "summary": {
    "total_cases": 1,
    "passed": 0,
    "failed": 1,
    "errors": 0,
    "timeouts": 0,
    "skipped": 0,
    "overall_pass_rate": 0.0,
    "avg_tests_generated": 0.0,
    "avg_tests_passed": 0.0,
    "avg_duration_sec": 135.60277891159058,
    "avg_react_iterations": 0.0,
    "by_complexity": {},
    "by_level": {}
  },
  "started_at": "2026-01-10T13:13:23.839814",
  "completed_at": "2026-01-10T13:15:39.447103",
  "baseline_run_id": null
}