{
  "run_id": "b7b9bef8",
  "run_name": "eval-b7b9bef8",
  "description": null,
  "dataset_name": "petclinic",
  "level_filter": null,
  "model": "x-ai/grok-code-fast-1",
  "k_samples": 1,
  "results": [
    {
      "eval_case_id": "petclinic-vet-001",
      "run_id": "04eb502a",
      "model": "x-ai/grok-code-fast-1",
      "model_temperature": 0.0,
      "status": "pass",
      "sample_results": [
        {
          "sample_index": 0,
          "status": "pass",
          "grader_outputs": [
            {
              "grader_name": "compilation",
              "result": "pass",
              "score": 1.0,
              "message": "Compilation successful",
              "details": {
                "stdout": ""
              },
              "duration_ms": 3479.9230098724365
            },
            {
              "grader_name": "execution",
              "result": "pass",
              "score": 1.0,
              "message": "All 2 tests passed",
              "details": {
                "tests_run": 2,
                "tests_passed": 2,
                "tests_failed": 0,
                "tests_error": 0
              },
              "duration_ms": 4285.857915878296
            }
          ],
          "tests_generated": 2,
          "tests_passed": 2,
          "tests_failed": 0,
          "compilation_errors": 0,
          "react_iterations": 1,
          "fixes_applied": 0,
          "duration_sec": 61.274927854537964,
          "generated_test_code": "package org.springframework.samples.petclinic.vet;\n\nimport org.junit.jupiter.api.Test;\nimport org.junit.jupiter.api.BeforeEach;\nimport org.junit.jupiter.api.DisplayName;\nimport java.time.LocalDate;\nimport static org.junit.jupiter.api.Assertions.*;\nimport java.util.Set;\nimport java.util.HashSet;\n\nclass VetTest {\n\n\tprivate Vet instance;\n\n\t@BeforeEach\n\tvoid setUp() {\n\t\tinstance = new Vet();\n\t}\n\n\t@Test\n\t@DisplayName(\"Verifies that after adding a specialty, getSpecialtiesInternal returns the set containing that specialty\")\n\tvoid testGetSpecialtiesInternalAfterAddingSpecialtyReturnsSetWithSpecialty() {\n\t\tSpecialty specialty = new Specialty();\n\t\tinstance.addSpecialty(specialty);\n\t\tvar result = instance.getSpecialtiesInternal();\n\t\tassertEquals(Set.of(specialty), result);\n\t}\n\n\t@Test\n\t@DisplayName(\"Verifies that getSpecialtiesInternal returns the same instance when called multiple times\")\n\tvoid testGetSpecialtiesInternalReturnsSameSetInstance() {\n\t\tvar result = instance.getSpecialtiesInternal();\n\t\tassertSame(result, instance.getSpecialtiesInternal());\n\t}\n\n}",
          "maven_output": null,
          "error_log": null
        }
      ],
      "pass_at_k": {
        "k": 1,
        "n_pass": 1,
        "pass_rate": 1.0,
        "pass_at_1": 1.0,
        "pass_at_5": null,
        "pass_at_10": null
      },
      "total_duration_sec": 61.27689,
      "started_at": "2026-01-10T22:48:11.947532",
      "completed_at": "2026-01-10T22:49:13.224422",
      "error_message": null,
      "error_traceback": null,
      "python_version": null,
      "java_version": null,
      "maven_version": null
    },
    {
      "eval_case_id": "petclinic-specialty-002",
      "run_id": "3fa680e2",
      "model": "x-ai/grok-code-fast-1",
      "model_temperature": 0.0,
      "status": "skipped",
      "sample_results": [
        {
          "sample_index": 0,
          "status": "skipped",
          "grader_outputs": [],
          "tests_generated": 0,
          "tests_passed": 0,
          "tests_failed": 0,
          "compilation_errors": 0,
          "react_iterations": 0,
          "fixes_applied": 0,
          "duration_sec": 0.0014879703521728516,
          "generated_test_code": "# Skipped: class has no methods to test",
          "maven_output": null,
          "error_log": null
        }
      ],
      "pass_at_k": {
        "k": 1,
        "n_pass": 0,
        "pass_rate": 0.0,
        "pass_at_1": 0.0,
        "pass_at_5": null,
        "pass_at_10": null
      },
      "total_duration_sec": 0.001763,
      "started_at": "2026-01-10T22:49:13.224762",
      "completed_at": "2026-01-10T22:49:13.226525",
      "error_message": null,
      "error_traceback": null,
      "python_version": null,
      "java_version": null,
      "maven_version": null
    },
    {
      "eval_case_id": "petclinic-pet-003",
      "run_id": "7b535cd8",
      "model": "x-ai/grok-code-fast-1",
      "model_temperature": 0.0,
      "status": "fail",
      "sample_results": [
        {
          "sample_index": 0,
          "status": "fail",
          "grader_outputs": [
            {
              "grader_name": "compilation",
              "result": "fail",
              "score": 0.0,
              "message": "Compilation failed with 8 errors",
              "details": {
                "error_count": 8,
                "error_lines": [
                  "[ERROR] /Users/chandana/AI-Agents/spring-petclinic/src/test/java/org/springframework/samples/petclinic/owner/PetTest.java:[24,32] ';' expected",
                  "[ERROR] /Users/chandana/AI-Agents/spring-petclinic/src/test/java/org/springframework/samples/petclinic/owner/PetTest.java:[31,32] ';' expected",
                  "[ERROR] /Users/chandana/AI-Agents/spring-petclinic/src/test/java/org/springframework/samples/petclinic/owner/PetTest.java:[38,32] ';' expected",
                  "[ERROR] /Users/chandana/AI-Agents/spring-petclinic/src/test/java/org/springframework/samples/petclinic/owner/PetTest.java:[45,32] ';' expected",
                  "[ERROR] /Users/chandana/AI-Agents/spring-petclinic/src/test/java/org/springframework/samples/petclinic/owner/PetTest.java:[24,32] ';' expected"
                ],
                "stderr": ""
              },
              "duration_ms": 3763.705015182495
            },
            {
              "grader_name": "execution",
              "result": "fail",
              "score": 0.0,
              "message": "No tests were executed",
              "details": {
                "stderr": "",
                "stdout": "ents/spring-petclinic/src/test/java/org/springframework/samples/petclinic/owner/PetTest.java:[45,32] ';' expected\n[ERROR] -> [Help 1]\n[ERROR] \n[ERROR] To see the full stack trace of the errors, re-run Maven with the -e switch.\n[ERROR] Re-run Maven using the -X switch to enable full debug logging.\n[ERROR] \n[ERROR] For more information about the errors and possible solutions, please read the following articles:\n[ERROR] [Help 1] http://cwiki.apache.org/confluence/display/MAVEN/MojoFailureException\n"
              },
              "duration_ms": 3641.678810119629
            }
          ],
          "tests_generated": 4,
          "tests_passed": 4,
          "tests_failed": 0,
          "compilation_errors": 0,
          "react_iterations": 1,
          "fixes_applied": 0,
          "duration_sec": 43.47076606750488,
          "generated_test_code": "package org.springframework.samples.petclinic.owner;\n\nimport org.junit.jupiter.api.Test;\nimport org.junit.jupiter.api.BeforeEach;\nimport org.junit.jupiter.api.DisplayName;\nimport java.time.LocalDate;\nimport static org.junit.jupiter.api.Assertions.*;\nimport static org.junit.jupiter.api.Assertions.*;\nimport org.junit.jupiter.api.Test;\nimport java.time.LocalDate;\n\nclass PetTest {\n\n\tprivate Pet instance;\n\n\t@BeforeEach\n\tvoid setUp() {\n\t\tinstance = new Pet();\n\t}\n\n\t@Test\n        @DisplayName(\"Verifies that setting a valid LocalDate sets the birth date correctly\")\n        void testSetBirthDateWithValidDate() {\n            Pet pet = new Pet()\n            instance.setBirthDate(LocalDate.of(2020, 5, 15));\n        }\n\n\t@Test\n        @DisplayName(\"Verifies that setting null as birth date sets the field to null\")\n        void testSetBirthDateWithNull() {\n            Pet pet = new Pet()\n            instance.setBirthDate(null);\n        }\n\n\t@Test\n        @DisplayName(\"Verifies that setting a future LocalDate works, allowing unrealistic dates as per domain logic\")\n        void testSetBirthDateWithFutureDate() {\n            Pet pet = new Pet()\n            instance.setBirthDate(LocalDate.of(2030, 12, 31));\n        }\n\n\t@Test\n        @DisplayName(\"Verifies that setting a very old LocalDate works, testing boundary for historical dates\")\n        void testSetBirthDateWithOldDate() {\n            Pet pet = new Pet()\n            instance.setBirthDate(LocalDate.of(1900, 1, 1));\n        }\n\n\t@Test\n\t@DisplayName(\"Verifies that getBirthDate returns the LocalDate that was previously set on the Pet instance\")\n\tvoid testGetBirthDateReturnsSetValue() {\n\t\tPet pet = new Pet();\n\t\tpet.setBirthDate(LocalDate.of(2023, 5, 15));\n\t\tvar result = instance.getBirthDate();\n\t\tassertEquals(LocalDate.of(2023, 5, 15), result);\n\t}\n\n\t@Test\n\t@DisplayName(\"Verifies that getBirthDate returns null when birthDate field is not set (default null)\")\n\tvoid testGetBirthDateReturnsNullWhenNotSet() {\n\t\tPet pet = new Pet();\n\t\tvar result = instance.getBirthDate();\n\t\tassertNotNull(result);\n\t}\n\n}\n",
          "maven_output": null,
          "error_log": null
        }
      ],
      "pass_at_k": {
        "k": 1,
        "n_pass": 0,
        "pass_rate": 0.0,
        "pass_at_1": 0.0,
        "pass_at_5": null,
        "pass_at_10": null
      },
      "total_duration_sec": 43.472424,
      "started_at": "2026-01-10T22:49:13.226567",
      "completed_at": "2026-01-10T22:49:56.698991",
      "error_message": null,
      "error_traceback": null,
      "python_version": null,
      "java_version": null,
      "maven_version": null
    },
    {
      "eval_case_id": "petclinic-owner-004",
      "run_id": "daf77c6c",
      "model": "x-ai/grok-code-fast-1",
      "model_temperature": 0.0,
      "status": "pass",
      "sample_results": [
        {
          "sample_index": 0,
          "status": "pass",
          "grader_outputs": [
            {
              "grader_name": "compilation",
              "result": "pass",
              "score": 1.0,
              "message": "Compilation successful",
              "details": {
                "stdout": ""
              },
              "duration_ms": 3606.8649291992188
            },
            {
              "grader_name": "execution",
              "result": "pass",
              "score": 1.0,
              "message": "All 6 tests passed",
              "details": {
                "tests_run": 6,
                "tests_passed": 6,
                "tests_failed": 0,
                "tests_error": 0
              },
              "duration_ms": 4005.2690505981445
            }
          ],
          "tests_generated": 6,
          "tests_passed": 6,
          "tests_failed": 0,
          "compilation_errors": 0,
          "react_iterations": 1,
          "fixes_applied": 0,
          "duration_sec": 62.58389616012573,
          "generated_test_code": "package org.springframework.samples.petclinic.owner;\n\nimport org.junit.jupiter.api.Test;\nimport org.junit.jupiter.api.BeforeEach;\nimport org.junit.jupiter.api.DisplayName;\nimport java.time.LocalDate;\nimport static org.junit.jupiter.api.Assertions.*;\nimport static org.junit.jupiter.api.Assertions.assertEquals;\nimport org.junit.jupiter.api.Test;\n\nclass OwnerTest {\n\n\tprivate Owner instance;\n\n\t@BeforeEach\n\tvoid setUp() {\n\t\tinstance = new Owner();\n\t}\n\n\t@Test\n\t@DisplayName(\"Verifies that getAddress returns the address that was set\")\n\tvoid testGetAddressReturnsSetValue() {\n\t\tinstance.setAddress(\"123 Main St\");\n\t\tvar result = instance.getAddress();\n\t\tassertEquals(\"123 Main St\", result);\n\t}\n\n\t@Test\n\t@DisplayName(\"Verifies that getAddress returns null when address is not set\")\n\tvoid testGetAddressReturnsNullWhenNotSet() {\n\t\tvar result = instance.getAddress();\n\t\tassertNull(result);\n\t}\n\n\t@Test\n\t@DisplayName(\"Verifies that getAddress returns empty string when address is set to empty\")\n\tvoid testGetAddressReturnsEmptyStringWhenSetToEmpty() {\n\t\tinstance.setAddress(\"\");\n\t\tvar result = instance.getAddress();\n\t\tassertEquals(\"\", result);\n\t}\n\n\t@Test\n\t@DisplayName(\"Sets the address to a valid string and verifies the address is updated correctly using the getter\")\n\tvoid testSetAddressWithValidValue() {\n\t\tinstance.setAddress(\"123 Main St\");\n\t\tassertEquals(\"123 Main St\", instance.getAddress());\n\t}\n\n\t@Test\n\t@DisplayName(\"Sets the address to null and verifies the address is set to null\")\n\tvoid testSetAddressWithNull() {\n\t\tinstance.setAddress(null);\n\t\tassertNull(instance.getAddress());\n\t}\n\n\t@Test\n\t@DisplayName(\"Sets the address to an empty string and verifies the address is set to an empty string\")\n\tvoid testSetAddressWithEmptyString() {\n\t\tinstance.setAddress(\"\");\n\t\tassertEquals(\"\", instance.getAddress());\n\t}\n\n}",
          "maven_output": null,
          "error_log": null
        }
      ],
      "pass_at_k": {
        "k": 1,
        "n_pass": 1,
        "pass_rate": 1.0,
        "pass_at_1": 1.0,
        "pass_at_5": null,
        "pass_at_10": null
      },
      "total_duration_sec": 62.589961,
      "started_at": "2026-01-10T22:49:56.699099",
      "completed_at": "2026-01-10T22:50:59.289060",
      "error_message": null,
      "error_traceback": null,
      "python_version": null,
      "java_version": null,
      "maven_version": null
    },
    {
      "eval_case_id": "petclinic-vetcontroller-005",
      "run_id": "9d0bbf2f",
      "model": "x-ai/grok-code-fast-1",
      "model_temperature": 0.0,
      "status": "pass",
      "sample_results": [
        {
          "sample_index": 0,
          "status": "pass",
          "grader_outputs": [
            {
              "grader_name": "compilation",
              "result": "pass",
              "score": 1.0,
              "message": "Compilation successful",
              "details": {
                "stdout": ""
              },
              "duration_ms": 3153.393030166626
            },
            {
              "grader_name": "execution",
              "result": "pass",
              "score": 1.0,
              "message": "All 3 tests passed",
              "details": {
                "tests_run": 3,
                "tests_passed": 3,
                "tests_failed": 0,
                "tests_error": 0
              },
              "duration_ms": 4415.076017379761
            }
          ],
          "tests_generated": 3,
          "tests_passed": 3,
          "tests_failed": 0,
          "compilation_errors": 0,
          "react_iterations": 1,
          "fixes_applied": 0,
          "duration_sec": 42.367815256118774,
          "generated_test_code": "package org.springframework.samples.petclinic.vet;\n\nimport org.junit.jupiter.api.Test;\nimport org.junit.jupiter.api.BeforeEach;\nimport org.junit.jupiter.api.DisplayName;\nimport static org.junit.jupiter.api.Assertions.*;\nimport org.junit.jupiter.api.extension.ExtendWith;\nimport org.mockito.InjectMocks;\nimport org.mockito.Mock;\nimport static org.mockito.Mockito.*;\nimport static org.mockito.ArgumentMatchers.*;\nimport org.springframework.data.domain.Page;\nimport org.springframework.data.domain.PageRequest;\nimport org.springframework.data.domain.Pageable;\nimport java.util.List;\nimport org.springframework.ui.Model;\nimport org.mockito.junit.jupiter.MockitoExtension;\n\n@ExtendWith(MockitoExtension.class)\nclass VetControllerTest {\n\n\t@Mock\n\tprivate VetRepository vetRepository;\n\n\t@Mock\n\tprivate Model model;\n\n\t@InjectMocks\n\tprivate VetController controller;\n\n\t@BeforeEach\n\tvoid setUp() {\n\t\t// Mockito initializes @Mock and @InjectMocks automatically\n\t}\n\n\t@Test\n\t@DisplayName(\"Returns 'vets/vetList' view when called with page 1 and a mock model, with paginated vets available\")\n\tvoid testShowVetListWithPageOneReturnsVetListView() {\n\t\tPage<Vet> mockPage = mock(Page.class);\n\t\tVet vet1 = new Vet();\n\t\tVet vet2 = new Vet();\n\t\twhen(mockPage.toList()).thenReturn(List.of(vet1, vet2));\n\t\twhen(mockPage.getContent()).thenReturn(List.of(vet1, vet2));\n\t\twhen(mockPage.getTotalPages()).thenReturn(3);\n\t\twhen(mockPage.getTotalElements()).thenReturn(6L);\n\t\twhen(vetRepository.findAll(any(Pageable.class))).thenReturn(mockPage);\n\t\tvar result = controller.showVetList(1, model);\n\t\tassertNotNull(result);\n\t}\n\n\t@Test\n\t@DisplayName(\"Returns 'vets/vetList' view when called with page 1 but no vets are found, resulting in empty vet list\")\n\tvoid testShowVetListWithEmptyPageReturnsVetListView() {\n\t\tPage<Vet> mockPage = mock(Page.class);\n\t\twhen(mockPage.toList()).thenReturn(List.of());\n\t\twhen(mockPage.getContent()).thenReturn(List.of());\n\t\twhen(mockPage.getTotalPages()).thenReturn(0);\n\t\twhen(mockPage.getTotalElements()).thenReturn(0L);\n\t\twhen(vetRepository.findAll(any(Pageable.class))).thenReturn(mockPage);\n\t\tvar result = controller.showVetList(1, model);\n\t\tassertNotNull(result);\n\t}\n\n\t@Test\n\t@DisplayName(\"Returns 'vets/vetList' view when called with page 2 and paginated vets are returned correctly\")\n\tvoid testShowVetListWithPageTwoReturnsVetListView() {\n\t\tPage<Vet> mockPage = mock(Page.class);\n\t\tVet vet = new Vet();\n\t\twhen(mockPage.toList()).thenReturn(List.of(vet));\n\t\twhen(mockPage.getContent()).thenReturn(List.of(vet));\n\t\twhen(mockPage.getTotalPages()).thenReturn(3);\n\t\twhen(mockPage.getTotalElements()).thenReturn(6L);\n\t\twhen(vetRepository.findAll(any(Pageable.class))).thenReturn(mockPage);\n\t\tvar result = controller.showVetList(2, model);\n\t\tassertNotNull(result);\n\t}\n\n}",
          "maven_output": null,
          "error_log": null
        }
      ],
      "pass_at_k": {
        "k": 1,
        "n_pass": 1,
        "pass_rate": 1.0,
        "pass_at_1": 1.0,
        "pass_at_5": null,
        "pass_at_10": null
      },
      "total_duration_sec": 42.368599,
      "started_at": "2026-01-10T22:50:59.289909",
      "completed_at": "2026-01-10T22:51:41.658508",
      "error_message": null,
      "error_traceback": null,
      "python_version": null,
      "java_version": null,
      "maven_version": null
    }
  ],
  "summary": {
    "total_cases": 5,
    "passed": 3,
    "failed": 1,
    "errors": 0,
    "timeouts": 0,
    "skipped": 1,
    "overall_pass_rate": 0.75,
    "avg_tests_generated": 3.0,
    "avg_tests_passed": 3.0,
    "avg_duration_sec": 41.93977866172791,
    "avg_react_iterations": 0.8,
    "by_complexity": {},
    "by_level": {}
  },
  "started_at": "2026-01-10T22:48:11.947515",
  "completed_at": "2026-01-10T22:51:41.658561",
  "baseline_run_id": null
}