{
  "run_id": "d57e260d",
  "run_name": "eval-d57e260d",
  "description": null,
  "dataset_name": "petclinic",
  "level_filter": null,
  "model": "x-ai/grok-code-fast-1",
  "k_samples": 1,
  "results": [
    {
      "eval_case_id": "petclinic-pet-003",
      "run_id": "f7b757fe",
      "model": "x-ai/grok-code-fast-1",
      "model_temperature": 0.0,
      "status": "fail",
      "sample_results": [
        {
          "sample_index": 0,
          "status": "fail",
          "grader_outputs": [
            {
              "grader_name": "compilation",
              "result": "fail",
              "score": 0.0,
              "message": "Compilation failed with 98 errors",
              "details": {
                "error_count": 98,
                "error_lines": [
                  "[ERROR] /Users/chandana/AI-Agents/spring-petclinic/src/test/java/org/springframework/samples/petclinic/owner/OwnerTest.java:[101,50] ')' or ',' expected",
                  "[ERROR] /Users/chandana/AI-Agents/spring-petclinic/src/test/java/org/springframework/samples/petclinic/owner/OwnerTest.java:[101,91] illegal start of expression",
                  "[ERROR] /Users/chandana/AI-Agents/spring-petclinic/src/test/java/org/springframework/samples/petclinic/owner/OwnerTest.java:[117,49] ')' or ',' expected",
                  "[ERROR] /Users/chandana/AI-Agents/spring-petclinic/src/test/java/org/springframework/samples/petclinic/owner/OwnerTest.java:[117,55] ';' expected",
                  "[ERROR] /Users/chandana/AI-Agents/spring-petclinic/src/test/java/org/springframework/samples/petclinic/owner/OwnerTest.java:[117,59] not a statement"
                ],
                "stderr": ""
              },
              "duration_ms": 5525.527000427246
            },
            {
              "grader_name": "execution",
              "result": "pass",
              "score": 1.0,
              "message": "All 7 tests passed",
              "details": {
                "tests_run": 7,
                "tests_passed": 7,
                "tests_failed": 0,
                "tests_error": 0
              },
              "duration_ms": 5315.471172332764
            }
          ],
          "tests_generated": 0,
          "tests_passed": 0,
          "tests_failed": 0,
          "compilation_errors": 0,
          "react_iterations": 0,
          "fixes_applied": 0,
          "duration_sec": 151.40360188484192,
          "generated_test_code": "package org.springframework.samples.petclinic.owner;\n\nimport org.junit.jupiter.api.Test;\nimport org.junit.jupiter.api.BeforeEach;\nimport org.junit.jupiter.api.DisplayName;\nimport java.time.LocalDate;\nimport static org.junit.jupiter.api.Assertions.*;\nimport org.junit.jupiter.api.extension.ExtendWith;\nimport org.mockito.InjectMocks;\nimport org.mockito.Mock;\nimport org.mockito.junit.jupiter.MockitoExtension;\nimport org.springframework.test.util.ReflectionTestUtils;\nimport java.time.LocalDate;\nimport static org.mockito.ArgumentMatchers.*;\nimport static org.mockito.Mockito.*;\n\nclass PetTest {\n\n\tprivate Pet instance;\n\n\t@BeforeEach\n\tvoid setUp() {\n\t\tinstance = new Pet();\n\t}\n\n\t@Test\n\t@DisplayName(\"Verifies that setting a valid birth date and retrieving it returns the same date\")\n\tvoid testSetBirthDateHappyPath() {\n\t\tvar result = instance.setBirthDate(new Pet());\n\t\tassertNotNull(result);\n\t}\n\n\t@Test\n\t@DisplayName(\"Verifies that setting birth date to null and retrieving it returns null\")\n\tvoid testSetBirthDateWithNull() {\n\t\tvar result = instance.setBirthDate(new Pet());\n\t\tassertNotNull(result);\n\t}\n\n\t@Test\n\t@DisplayName(\"Sets birth date then gets it to ensure the value is stored correctly\")\n\tvoid testSetBirthDateAndGet() {\n\t\tvar result = instance.setBirthDate(new Pet());\n\t\tassertEquals(LocalDate.of(1995, 12, 1), result);\n\t}\n\n\t@Test\n\t@DisplayName(\"Verifies that getting birth date on a new pet returns null by default\")\n\tvoid testGetBirthDateDefault() {\n\t\tvar result = instance.setBirthDate(new Pet());\n\t\tassertNotNull(result);\n\t}\n\n\t@Test\n\t@DisplayName(\"Verifies that getBirthDate returns the value assigned to the birthDate field\")\n\tvoid testGetBirthDateReturnsSetValue() {\n\t\tvar result = controller.getBirthDate();\n\t\tassertEquals(LocalDate.of(2020, 5, 15), result);\n\t}\n\n\t@Test\n\t@DisplayName(\"Verifies that getBirthDate returns null when the birthDate field is null\")\n\tvoid testGetBirthDateReturnsNullWhenUnset() {\n\t\tvar result = controller.getBirthDate();\n\t\tassertNotNull(result);\n\t}\n\n\t@Test\n\t@DisplayName(\"Test that setType can set the type to null without throwing an exception\")\n\tvoid testSetTypeWithNull() {\n\t\tvar result = instance.setType(\"null\");\n\t\tassertNotNull(result);\n\t}\n\n\t@Test\n\t@DisplayName(\"Test that getVisits returns the pet's visits collection, initially empty\")\n\tvoid testGetVisits() {\n\t\tvar result = instance.setType();\n\t\tassertNotNull(result);\n\t}\n\n\t@Test\n\t@DisplayName(\"Verify that a valid Visit is successfully added to the Pet's visits list.\")\n\tvoid testAddVisitHappyPath() {\n\t\tinstance.addVisit(new Pet());\n\t}\n\n\t@Test\n\t@DisplayName(\"Verify that adding a null Visit throws a NullPointerException.\")\n\tvoid testAddVisitNull() {\n\t\tassertThrows(NullPointerException.class, () -> {\n\t\t\tinstance.addVisit(new Pet());\n\t\t});\n\t}\n\n\t@Test\n\t@DisplayName(\"Verify that a Visit with an empty description is added without issue.\")\n\tvoid testAddVisitWithEmptyDescription() {\n\t\tinstance.addVisit(new Pet());\n\t}\n\n}\n",
          "maven_output": null,
          "error_log": null
        }
      ],
      "pass_at_k": {
        "k": 1,
        "n_pass": 0,
        "pass_rate": 0.0,
        "pass_at_1": 0.0,
        "pass_at_5": null,
        "pass_at_10": null
      },
      "total_duration_sec": 151.406581,
      "started_at": "2026-01-10T11:57:06.531558",
      "completed_at": "2026-01-10T11:59:37.938139",
      "error_message": null,
      "error_traceback": null,
      "python_version": null,
      "java_version": null,
      "maven_version": null
    }
  ],
  "summary": {
    "total_cases": 1,
    "passed": 0,
    "failed": 1,
    "errors": 0,
    "timeouts": 0,
    "skipped": 0,
    "overall_pass_rate": 0.0,
    "avg_tests_generated": 0.0,
    "avg_tests_passed": 0.0,
    "avg_duration_sec": 151.40360188484192,
    "avg_react_iterations": 0.0,
    "by_complexity": {},
    "by_level": {}
  },
  "started_at": "2026-01-10T11:57:06.531545",
  "completed_at": "2026-01-10T11:59:37.938967",
  "baseline_run_id": null
}