{
  "run_id": "dbc93e1c",
  "run_name": "eval-dbc93e1c",
  "description": null,
  "dataset_name": "petclinic",
  "level_filter": null,
  "model": "x-ai/grok-code-fast-1",
  "k_samples": 1,
  "results": [
    {
      "eval_case_id": "petclinic-pettypeformatter-013",
      "run_id": "ca53bba4",
      "model": "x-ai/grok-code-fast-1",
      "model_temperature": 0.0,
      "status": "fail",
      "sample_results": [
        {
          "sample_index": 0,
          "status": "fail",
          "grader_outputs": [
            {
              "grader_name": "compilation",
              "result": "fail",
              "score": 0.0,
              "message": "Compilation failed with 24 errors",
              "details": {
                "error_count": 24,
                "error_lines": [
                  "[ERROR] /Users/chandana/AI-Agents/spring-petclinic/src/test/java/org/springframework/samples/petclinic/owner/PetTypeFormatterTest.java:[53,32] bad operand types for binary operator '<'",
                  "[ERROR] /Users/chandana/AI-Agents/spring-petclinic/src/test/java/org/springframework/samples/petclinic/owner/PetTypeFormatterTest.java:[48,37] cannot find symbol",
                  "[ERROR] /Users/chandana/AI-Agents/spring-petclinic/src/test/java/org/springframework/samples/petclinic/owner/PetTypeFormatterTest.java:[57,33] cannot find symbol",
                  "[ERROR] /Users/chandana/AI-Agents/spring-petclinic/src/test/java/org/springframework/samples/petclinic/owner/PetTypeFormatterTest.java:[66,37] cannot find symbol",
                  "[ERROR] /Users/chandana/AI-Agents/spring-petclinic/src/test/java/org/springframework/samples/petclinic/owner/PetTypeFormatterTest.java:[76,22] cannot find symbol"
                ],
                "stderr": ""
              },
              "duration_ms": 3988.2311820983887
            },
            {
              "grader_name": "execution",
              "result": "fail",
              "score": 0.0,
              "message": "No tests were executed",
              "details": {
                "stderr": "",
                "stdout": "l:   variable instance\n[ERROR]   location: class org.springframework.samples.petclinic.owner.PetTypeFormatterTest\n[ERROR] -> [Help 1]\n[ERROR] \n[ERROR] To see the full stack trace of the errors, re-run Maven with the -e switch.\n[ERROR] Re-run Maven using the -X switch to enable full debug logging.\n[ERROR] \n[ERROR] For more information about the errors and possible solutions, please read the following articles:\n[ERROR] [Help 1] http://cwiki.apache.org/confluence/display/MAVEN/MojoFailureException\n"
              },
              "duration_ms": 4052.344799041748
            }
          ],
          "tests_generated": 0,
          "tests_passed": 0,
          "tests_failed": 0,
          "compilation_errors": 0,
          "react_iterations": 1,
          "fixes_applied": 0,
          "duration_sec": 106.99174690246582,
          "generated_test_code": "package org.springframework.samples.petclinic.owner;\n\nimport org.junit.jupiter.api.Test;\nimport org.junit.jupiter.api.BeforeEach;\nimport org.junit.jupiter.api.DisplayName;\nimport java.time.LocalDate;\nimport static org.junit.jupiter.api.Assertions.*;\nimport org.junit.jupiter.api.extension.ExtendWith;\nimport org.mockito.InjectMocks;\nimport org.mockito.Mock;\nimport org.mockito.junit.jupiter.MockitoExtension;\nimport static org.mockito.Mockito.*;\nimport static org.mockito.ArgumentMatchers.*;\nimport org.springframework.data.domain.Page;\nimport org.springframework.data.domain.PageRequest;\nimport org.springframework.data.domain.Pageable;\nimport java.util.List;\nimport java.util.Locale;\nimport static org.junit.jupiter.api.Assertions.assertThrows;\nimport org.mockito.InjectMocks;\nimport static org.mockito.Mockito.when;\nimport org.mockito.Mock;\nimport java.util.Collections;\nimport org.junit.jupiter.api.Test;\nimport java.text.ParseException;\nimport org.junit.jupiter.api.extension.ExtendWith;\nimport org.mockito.junit.jupiter.MockitoExtension;\n\n@ExtendWith(MockitoExtension.class)\nclass PetTypeFormatterTest {\n\n\t@Mock\n\tprivate PetTypeRepository types;\n\n\t@InjectMocks\n\tprivate PetTypeFormatter controller;\n\n\t@BeforeEach\n\tvoid setUp() {\n\t\t// Mockito initializes @Mock and @InjectMocks automatically\n\t}\n\n\t@Test\n\t@DisplayName(\"Returns the name of the pet type when pet type has a non-null name\")\n\tvoid testPrintWithValidPetTypeReturnsName() {\n\t\tPetType petType = new PetType();\n\t\tpetType.setName(\"Dog\");\n\t\tvar result = petType.print(new PetType(), Locale.ENGLISH);\n\t\tassertNotNull(result);\n\t}\n\n\t@Test\n        @DisplayName(\"Returns \"<null>\" when pet type name is null\")\n        void testPrintWithNullNameReturnsNullString() {\n            PetType petType = new PetType();\n            petType.setName(null);\n            var result = petType.print(new PetType(), Locale.ENGLISH);\n            assertEquals(\"<null>\", result);\n        }\n\n\t@Test\n\t@DisplayName(\"Returns empty string when pet type name is empty\")\n\tvoid testPrintWithEmptyNameReturnsEmptyString() {\n\t\tPetType petType = new PetType();\n\t\tpetType.setName(\"\");\n\t\tvar result = petType.print(new PetType(), Locale.FRENCH);\n\t\tassertEquals(\"\", result);\n\t}\n\n\t@Test\n\t@DisplayName(\"Returns the PetType object when the provided text matches the name of a PetType in the repository\")\n\tvoid testParseReturnsPetTypeWhenNameMatches() {\n\t\tPetType petType = new PetType();\n\t\tpetType.setName(\"dog\");\n\t\tList<PetType> petTypes = List.of(petType);\n\t\twhen(petTypeRepository.findPetTypes()).thenReturn(petTypes);\n\t\tvar result = petType.parse(\"dog\", Locale.ENGLISH);\n\t\tassertNotNull(result);\n\t}\n\n\t@Test\n\t@DisplayName(\"Throws ParseException when the provided text does not match any PetType name in the repository\")\n\tvoid testParseThrowsParseExceptionWhenNoMatchingPetType() {\n\t\twhen(petTypeRepository.findPetTypes()).thenReturn(Collections.emptyList());\n\t\tassertThrows(ParseException.class, () -> {\n\t\t\tinstance.parse(\"nonexistent\", Locale.ENGLISH);\n\t\t});\n\t}\n\n\t@Test\n\t@DisplayName(\"Throws ParseException when text is null\")\n\tvoid testParseThrowsParseExceptionWhenTextIsNull() {\n\t\twhen(petTypeRepository.findPetTypes()).thenReturn(Collections.emptyList());\n\t\tassertThrows(ParseException.class, () -> {\n\t\t\tinstance.parse(null, Locale.ENGLISH);\n\t\t});\n\t}\n\n\t@Test\n\t@DisplayName(\"Throws ParseException when text is an empty string\")\n\tvoid testParseThrowsParseExceptionWhenTextIsEmpty() {\n\t\twhen(petTypeRepository.findPetTypes()).thenReturn(Collections.emptyList());\n\t\tassertThrows(ParseException.class, () -> {\n\t\t\tinstance.parse(\"\", Locale.ENGLISH);\n\t\t});\n\t}\n\n}\n",
          "maven_output": null,
          "error_log": null
        }
      ],
      "pass_at_k": {
        "k": 1,
        "n_pass": 0,
        "pass_rate": 0.0,
        "pass_at_1": 0.0,
        "pass_at_5": null,
        "pass_at_10": null
      },
      "total_duration_sec": 106.993098,
      "started_at": "2026-01-11T12:52:56.302540",
      "completed_at": "2026-01-11T12:54:43.295638",
      "error_message": null,
      "error_traceback": null,
      "python_version": null,
      "java_version": null,
      "maven_version": null
    }
  ],
  "summary": {
    "total_cases": 1,
    "passed": 0,
    "failed": 1,
    "errors": 0,
    "timeouts": 0,
    "skipped": 0,
    "overall_pass_rate": 0.0,
    "avg_tests_generated": 0.0,
    "avg_tests_passed": 0.0,
    "avg_duration_sec": 106.99174690246582,
    "avg_react_iterations": 1.0,
    "by_complexity": {},
    "by_level": {}
  },
  "started_at": "2026-01-11T12:52:56.302524",
  "completed_at": "2026-01-11T12:54:43.295888",
  "baseline_run_id": null
}