{
  "run_id": "dc3132e5",
  "run_name": "eval-dc3132e5",
  "description": null,
  "dataset_name": "petclinic",
  "level_filter": null,
  "model": "x-ai/grok-code-fast-1",
  "k_samples": 1,
  "results": [
    {
      "eval_case_id": "petclinic-vet-001",
      "run_id": "f23fb05b",
      "model": "x-ai/grok-code-fast-1",
      "model_temperature": 0.0,
      "status": "pass",
      "sample_results": [
        {
          "sample_index": 0,
          "status": "pass",
          "grader_outputs": [
            {
              "grader_name": "compilation",
              "result": "pass",
              "score": 1.0,
              "message": "Compilation successful",
              "details": {
                "stdout": ""
              },
              "duration_ms": 3585.94012260437
            },
            {
              "grader_name": "execution",
              "result": "pass",
              "score": 1.0,
              "message": "All 5 tests passed",
              "details": {
                "tests_run": 5,
                "tests_passed": 5,
                "tests_failed": 0,
                "tests_error": 0
              },
              "duration_ms": 4155.605792999268
            }
          ],
          "tests_generated": 5,
          "tests_passed": 5,
          "tests_failed": 0,
          "compilation_errors": 0,
          "react_iterations": 1,
          "fixes_applied": 0,
          "duration_sec": 18.560802936553955,
          "generated_test_code": "package org.springframework.samples.petclinic.vet;\n\nimport org.junit.jupiter.api.Test;\nimport org.junit.jupiter.api.BeforeEach;\nimport org.junit.jupiter.api.DisplayName;\nimport java.time.LocalDate;\nimport static org.junit.jupiter.api.Assertions.*;\nimport java.util.HashSet;\nimport java.util.Set;\nimport static org.junit.jupiter.api.Assertions.*;\nimport org.junit.jupiter.api.Test;\nimport java.util.List;\n\nclass VetTest {\n\n\tprivate Vet instance;\n\n\t@BeforeEach\n\tvoid setUp() {\n\t\tinstance = new Vet();\n\t}\n\n\t@Test\n\t@DisplayName(\"Lazy initialization: when specialties field is null, the method initializes it to an empty HashSet and returns it\")\n\tvoid testGetSpecialtiesInternalReturnsEmptySet() {\n\t\tvar result = instance.getSpecialtiesInternal();\n\t\tassertNotNull(result);\n\t}\n\n\t@Test\n\t@DisplayName(\"The method checks for null and initializes if necessary, ensuring it always returns a non-null Set instance\")\n\tvoid testGetSpecialtiesInternalReturnsNonNullSet() {\n\t\tvar result = instance.getSpecialtiesInternal();\n\t\tassertNotNull(result);\n\t}\n\n\t@Test\n\t@DisplayName(\"Vet with multiple specialties returns them sorted alphabetically by name\")\n\tvoid testGetSpecialtiesReturnsSortedList() {\n\t\tVet vet = new Vet();\n\t\tSpecialty surgery = new Specialty();\n\t\tsurgery.setName(\"Surgery\");\n\t\tSpecialty cardio = new Specialty();\n\t\tcardio.setName(\"Cardiology\");\n\t\tvet.addSpecialty(surgery);\n\t\tvet.addSpecialty(cardio);\n\t\tvar result = vet.getSpecialties();\n\t\tassertNotNull(result);\n\t}\n\n\t@Test\n\t@DisplayName(\"Vet with no specialties returns an empty list\")\n\tvoid testGetSpecialtiesReturnsEmptyListWhenNoSpecialties() {\n\t\tVet vet = new Vet();\n\t\tvar result = instance.getSpecialties();\n\t\tassertNotNull(result);\n\t}\n\n\t@Test\n\t@DisplayName(\"Vet with specialty having null name throws NullPointerException when comparing\")\n\tvoid testGetSpecialtiesThrowsWhenNameIsNull() {\n\t\tVet vet = new Vet();\n\t\tSpecialty nullName = new Specialty();\n\t\tnullName.setName(null);\n\t\tSpecialty cardio = new Specialty();\n\t\tcardio.setName(\"Cardiology\");\n\t\tvet.addSpecialty(nullName);\n\t\tvet.addSpecialty(cardio);\n\t\tassertThrows(NullPointerException.class, () -> {\n\t\t\tvet.getSpecialties();\n\t\t});\n\t}\n\n}\n",
          "maven_output": null,
          "error_log": null
        }
      ],
      "pass_at_k": {
        "k": 1,
        "n_pass": 1,
        "pass_rate": 1.0,
        "pass_at_1": 1.0,
        "pass_at_5": null,
        "pass_at_10": null
      },
      "total_duration_sec": 18.561351,
      "started_at": "2026-01-10T23:22:25.422539",
      "completed_at": "2026-01-10T23:22:43.983890",
      "error_message": null,
      "error_traceback": null,
      "python_version": null,
      "java_version": null,
      "maven_version": null
    },
    {
      "eval_case_id": "petclinic-specialty-002",
      "run_id": "9f31a711",
      "model": "x-ai/grok-code-fast-1",
      "model_temperature": 0.0,
      "status": "skipped",
      "sample_results": [
        {
          "sample_index": 0,
          "status": "skipped",
          "grader_outputs": [],
          "tests_generated": 0,
          "tests_passed": 0,
          "tests_failed": 0,
          "compilation_errors": 0,
          "react_iterations": 0,
          "fixes_applied": 0,
          "duration_sec": 0.0012011528015136719,
          "generated_test_code": "# Skipped: class has no methods to test",
          "maven_output": null,
          "error_log": null
        }
      ],
      "pass_at_k": {
        "k": 1,
        "n_pass": 0,
        "pass_rate": 0.0,
        "pass_at_1": 0.0,
        "pass_at_5": null,
        "pass_at_10": null
      },
      "total_duration_sec": 0.001414,
      "started_at": "2026-01-10T23:22:43.984015",
      "completed_at": "2026-01-10T23:22:43.985429",
      "error_message": null,
      "error_traceback": null,
      "python_version": null,
      "java_version": null,
      "maven_version": null
    },
    {
      "eval_case_id": "petclinic-pet-003",
      "run_id": "17a121c8",
      "model": "x-ai/grok-code-fast-1",
      "model_temperature": 0.0,
      "status": "pass",
      "sample_results": [
        {
          "sample_index": 0,
          "status": "pass",
          "grader_outputs": [
            {
              "grader_name": "compilation",
              "result": "pass",
              "score": 1.0,
              "message": "Compilation successful",
              "details": {
                "stdout": ""
              },
              "duration_ms": 3481.656074523926
            },
            {
              "grader_name": "execution",
              "result": "pass",
              "score": 1.0,
              "message": "All 4 tests passed",
              "details": {
                "tests_run": 4,
                "tests_passed": 4,
                "tests_failed": 0,
                "tests_error": 0
              },
              "duration_ms": 4091.823101043701
            }
          ],
          "tests_generated": 4,
          "tests_passed": 4,
          "tests_failed": 0,
          "compilation_errors": 0,
          "react_iterations": 2,
          "fixes_applied": 0,
          "duration_sec": 32.54065990447998,
          "generated_test_code": "package org.springframework.samples.petclinic.owner;\n\nimport org.junit.jupiter.api.Test;\nimport org.junit.jupiter.api.BeforeEach;\nimport org.junit.jupiter.api.DisplayName;\nimport java.time.LocalDate;\nimport static org.junit.jupiter.api.Assertions.*;\nimport org.junit.jupiter.api.Test;\nimport static org.junit.jupiter.api.Assertions.assertEquals;\nimport java.time.LocalDate;\nimport static org.junit.jupiter.api.Assertions.*;\nimport java.time.LocalDate;\n\nclass PetTest {\n\n\tprivate Pet instance;\n\n\t@BeforeEach\n\tvoid setUp() {\n\t\tinstance = new Pet();\n\t}\n\n\t@Test\n\t@DisplayName(\"Sets a valid birth date and verifies it is stored by checking getBirthDate\")\n\tvoid testSetBirthDateWithValidDate() {\n\t\tPet pet = new Pet();\n\t\tinstance.setBirthDate(LocalDate.of(2020, 5, 15));\n\t}\n\n\t@Test\n\t@DisplayName(\"Sets null as birth date and verifies it is stored by checking getBirthDate\")\n\tvoid testSetBirthDateWithNull() {\n\t\tPet pet = new Pet();\n\t\tinstance.setBirthDate(null);\n\t}\n\n\t@Test\n\t@DisplayName(\"Verifies that getBirthDate returns the LocalDate that was set\")\n\tvoid testGetBirthDateReturnsSetDate() {\n\t\tPet pet = new Pet();\n\t\tpet.setBirthDate(LocalDate.of(2023, 5, 15));\n\t\tvar result = pet.getBirthDate();\n\t\tassertEquals(LocalDate.of(2023, 5, 15), result);\n\t}\n\n\t@Test\n\t@DisplayName(\"Verifies that getBirthDate returns null if no birthDate was set\")\n\tvoid testGetBirthDateReturnsNullWhenNotSet() {\n\t\tPet pet = new Pet();\n\t\tvar result = pet.getBirthDate();\n\t\tassertNull(result);\n\t}\n\n}\n",
          "maven_output": null,
          "error_log": null
        }
      ],
      "pass_at_k": {
        "k": 1,
        "n_pass": 1,
        "pass_rate": 1.0,
        "pass_at_1": 1.0,
        "pass_at_5": null,
        "pass_at_10": null
      },
      "total_duration_sec": 32.541835,
      "started_at": "2026-01-10T23:22:43.985461",
      "completed_at": "2026-01-10T23:23:16.527296",
      "error_message": null,
      "error_traceback": null,
      "python_version": null,
      "java_version": null,
      "maven_version": null
    },
    {
      "eval_case_id": "petclinic-owner-004",
      "run_id": "ba356bf3",
      "model": "x-ai/grok-code-fast-1",
      "model_temperature": 0.0,
      "status": "pass",
      "sample_results": [
        {
          "sample_index": 0,
          "status": "pass",
          "grader_outputs": [
            {
              "grader_name": "compilation",
              "result": "pass",
              "score": 1.0,
              "message": "Compilation successful",
              "details": {
                "stdout": ""
              },
              "duration_ms": 3398.775100708008
            },
            {
              "grader_name": "execution",
              "result": "pass",
              "score": 1.0,
              "message": "All 6 tests passed",
              "details": {
                "tests_run": 6,
                "tests_passed": 6,
                "tests_failed": 0,
                "tests_error": 0
              },
              "duration_ms": 5938.601970672607
            }
          ],
          "tests_generated": 6,
          "tests_passed": 6,
          "tests_failed": 0,
          "compilation_errors": 0,
          "react_iterations": 2,
          "fixes_applied": 0,
          "duration_sec": 33.09570288658142,
          "generated_test_code": "package org.springframework.samples.petclinic.owner;\n\nimport org.junit.jupiter.api.Test;\nimport org.junit.jupiter.api.BeforeEach;\nimport org.junit.jupiter.api.DisplayName;\nimport java.time.LocalDate;\nimport static org.junit.jupiter.api.Assertions.*;\n\nclass OwnerTest {\n\n\tprivate Owner instance;\n\n\t@BeforeEach\n\tvoid setUp() {\n\t\tinstance = new Owner();\n\t}\n\n\t@Test\n\t@DisplayName(\"Verifies that getAddress returns the correct address string when it has been set\")\n\tvoid testGetAddressReturnsSetValue() {\n\t\tOwner owner = new Owner();\n\t\towner.setAddress(\"123 Main St\");\n\t\tvar result = owner.getAddress();\n\t\tassertEquals(\"123 Main St\", result);\n\t}\n\n\t@Test\n\t@DisplayName(\"Verifies that getAddress returns null when the address has not been set\")\n\tvoid testGetAddressReturnsNull() {\n\t\tOwner owner = new Owner();\n\t\tvar result = owner.getAddress();\n\t\tassertNull(result);\n\t}\n\n\t@Test\n\t@DisplayName(\"Verifies that getAddress returns an empty string when address is set to empty\")\n\tvoid testGetAddressReturnsEmptyString() {\n\t\tOwner owner = new Owner();\n\t\towner.setAddress(\"\");\n\t\tvar result = owner.getAddress();\n\t\tassertEquals(\"\", result);\n\t}\n\n\t@Test\n\t@DisplayName(\"Verifies that setting a valid address string completes without error\")\n\tvoid testSetAddressWithValidString() {\n\t\tinstance.setAddress(\"123 Main St, Town, CA\");\n\t}\n\n\t@Test\n\t@DisplayName(\"Verifies that setting address to null completes without error\")\n\tvoid testSetAddressWithNull() {\n\t\tinstance.setAddress(null);\n\t}\n\n\t@Test\n\t@DisplayName(\"Verifies that setting address to an empty string completes without error\")\n\tvoid testSetAddressWithEmptyString() {\n\t\tinstance.setAddress(\"\");\n\t}\n\n}\n",
          "maven_output": null,
          "error_log": null
        }
      ],
      "pass_at_k": {
        "k": 1,
        "n_pass": 1,
        "pass_rate": 1.0,
        "pass_at_1": 1.0,
        "pass_at_5": null,
        "pass_at_10": null
      },
      "total_duration_sec": 33.099287,
      "started_at": "2026-01-10T23:23:16.527973",
      "completed_at": "2026-01-10T23:23:49.627260",
      "error_message": null,
      "error_traceback": null,
      "python_version": null,
      "java_version": null,
      "maven_version": null
    },
    {
      "eval_case_id": "petclinic-vetcontroller-005",
      "run_id": "3d66db2b",
      "model": "x-ai/grok-code-fast-1",
      "model_temperature": 0.0,
      "status": "fail",
      "sample_results": [
        {
          "sample_index": 0,
          "status": "fail",
          "grader_outputs": [
            {
              "grader_name": "compilation",
              "result": "fail",
              "score": 0.0,
              "message": "Compilation failed with 12 errors",
              "details": {
                "error_count": 12,
                "error_lines": [
                  "[ERROR] /Users/chandana/AI-Agents/spring-petclinic/src/test/java/org/springframework/samples/petclinic/vet/VetControllerTest.java:[46,56] cannot find symbol",
                  "[ERROR] /Users/chandana/AI-Agents/spring-petclinic/src/test/java/org/springframework/samples/petclinic/vet/VetControllerTest.java:[50,40] method showVetList in class org.springframework.samples.petclinic.vet.VetController cannot be applied to given types;",
                  "[ERROR] /Users/chandana/AI-Agents/spring-petclinic/src/test/java/org/springframework/samples/petclinic/vet/VetControllerTest.java:[59,56] cannot find symbol",
                  "[ERROR] /Users/chandana/AI-Agents/spring-petclinic/src/test/java/org/springframework/samples/petclinic/vet/VetControllerTest.java:[63,40] method showVetList in class org.springframework.samples.petclinic.vet.VetController cannot be applied to given types;",
                  "[ERROR] /Users/chandana/AI-Agents/spring-petclinic/src/test/java/org/springframework/samples/petclinic/vet/VetControllerTest.java:[71,56] cannot find symbol"
                ],
                "stderr": ""
              },
              "duration_ms": 3926.002025604248
            },
            {
              "grader_name": "execution",
              "result": "fail",
              "score": 0.0,
              "message": "No tests were executed",
              "details": {
                "stderr": "",
                "stdout": "ingframework.ui.Model\n[ERROR]   found:    int\n[ERROR]   reason: actual and formal argument lists differ in length\n[ERROR] -> [Help 1]\n[ERROR] \n[ERROR] To see the full stack trace of the errors, re-run Maven with the -e switch.\n[ERROR] Re-run Maven using the -X switch to enable full debug logging.\n[ERROR] \n[ERROR] For more information about the errors and possible solutions, please read the following articles:\n[ERROR] [Help 1] http://cwiki.apache.org/confluence/display/MAVEN/MojoFailureException\n"
              },
              "duration_ms": 4789.7748947143555
            }
          ],
          "tests_generated": 0,
          "tests_passed": 0,
          "tests_failed": 0,
          "compilation_errors": 0,
          "react_iterations": 0,
          "fixes_applied": 0,
          "duration_sec": 72.04923605918884,
          "generated_test_code": "package org.springframework.samples.petclinic.vet;\n\nimport org.junit.jupiter.api.Test;\nimport org.junit.jupiter.api.BeforeEach;\nimport org.junit.jupiter.api.DisplayName;\nimport java.time.LocalDate;\nimport static org.junit.jupiter.api.Assertions.*;\nimport org.junit.jupiter.api.extension.ExtendWith;\nimport org.mockito.InjectMocks;\nimport org.mockito.Mock;\nimport org.mockito.junit.jupiter.MockitoExtension;\nimport static org.mockito.Mockito.*;\nimport static org.mockito.ArgumentMatchers.*;\nimport org.springframework.data.domain.Page;\nimport org.springframework.data.domain.PageRequest;\nimport org.springframework.data.domain.Pageable;\nimport org.springframework.data.domain.Page;\nimport org.springframework.data.domain.Pageable;\nimport static org.mockito.Mockito.*;\nimport org.mockito.Mock;\nimport org.junit.jupiter.api.extension.ExtendWith;\nimport static org.mockito.ArgumentMatchers.*;\nimport org.mockito.junit.jupiter.MockitoExtension;\nimport org.springframework.ui.Model;\nimport org.mockito.InjectMocks;\n\n@ExtendWith(MockitoExtension.class)\nclass VetControllerTest {\n\n\t@Mock\n\tprivate VetRepository vetRepository;\n\n\t@InjectMocks\n\tprivate VetController controller;\n\n\t@BeforeEach\n\tvoid setUp() {\n\t\t// Mockito initializes @Mock and @InjectMocks automatically\n\t}\n\n\t@Test\n\t@DisplayName(\"Returns view name and adds pagination model to model when called with valid page\")\n\tvoid testShowVetListWithValidPage() {\n\t\tVet vet = new Vet();\n\t\tPage<Vet> mockPage = mock(Page.class);\n\t\twhen(mockPage.getContent()).thenReturn(List.of(vet));\n\t\twhen(mockPage.getTotalPages()).thenReturn(1);\n\t\twhen(mockPage.getTotalElements()).thenReturn(1L);\n\t\twhen(vetRepository.findAll(any(Pageable.class))).thenReturn(mockPage);\n\t\tvar result = controller.showVetList(1);\n\t\tassertNotNull(result);\n\t}\n\n\t@Test\n\t@DisplayName(\"Handles different page numbers correctly by adjusting for Pageable indexing\")\n\tvoid testShowVetListWithPageTwo() {\n\t\tVet vet = new Vet();\n\t\tPage<Vet> mockPage = mock(Page.class);\n\t\twhen(mockPage.getContent()).thenReturn(List.of(vet));\n\t\twhen(mockPage.getTotalPages()).thenReturn(2);\n\t\twhen(mockPage.getTotalElements()).thenReturn(10L);\n\t\twhen(vetRepository.findAll(any(Pageable.class))).thenReturn(mockPage);\n\t\tvar result = controller.showVetList(2);\n\t\tassertNotNull(result);\n\t}\n\n\t@Test\n\t@DisplayName(\"Handles case when paginated results are empty\")\n\tvoid testShowVetListWithEmptyPage() {\n\t\tPage<Vet> mockPage = mock(Page.class);\n\t\twhen(mockPage.getContent()).thenReturn(List.of());\n\t\twhen(mockPage.getTotalPages()).thenReturn(0);\n\t\twhen(mockPage.getTotalElements()).thenReturn(0L);\n\t\twhen(vetRepository.findAll(any(Pageable.class))).thenReturn(mockPage);\n\t\tvar result = controller.showVetList(1);\n\t\tassertNotNull(result);\n\t}\n\n}\n",
          "maven_output": null,
          "error_log": null
        }
      ],
      "pass_at_k": {
        "k": 1,
        "n_pass": 0,
        "pass_rate": 0.0,
        "pass_at_1": 0.0,
        "pass_at_5": null,
        "pass_at_10": null
      },
      "total_duration_sec": 72.052781,
      "started_at": "2026-01-10T23:23:49.627647",
      "completed_at": "2026-01-10T23:25:01.680428",
      "error_message": null,
      "error_traceback": null,
      "python_version": null,
      "java_version": null,
      "maven_version": null
    }
  ],
  "summary": {
    "total_cases": 5,
    "passed": 3,
    "failed": 1,
    "errors": 0,
    "timeouts": 0,
    "skipped": 1,
    "overall_pass_rate": 0.75,
    "avg_tests_generated": 3.0,
    "avg_tests_passed": 3.0,
    "avg_duration_sec": 31.249520587921143,
    "avg_react_iterations": 1.0,
    "by_complexity": {},
    "by_level": {}
  },
  "started_at": "2026-01-10T23:22:25.422527",
  "completed_at": "2026-01-10T23:25:01.681221",
  "baseline_run_id": null
}