{
  "run_id": "dcd5dde7",
  "run_name": "eval-dcd5dde7",
  "description": null,
  "dataset_name": "petclinic",
  "level_filter": null,
  "model": "x-ai/grok-code-fast-1",
  "k_samples": 1,
  "results": [
    {
      "eval_case_id": "petclinic-vet-001",
      "run_id": "0ed3167c",
      "model": "x-ai/grok-code-fast-1",
      "model_temperature": 0.0,
      "status": "error",
      "sample_results": [
        {
          "sample_index": 0,
          "status": "error",
          "grader_outputs": [],
          "tests_generated": 0,
          "tests_passed": 0,
          "tests_failed": 0,
          "compilation_errors": 0,
          "react_iterations": 0,
          "fixes_applied": 0,
          "duration_sec": 1.0117650032043457,
          "generated_test_code": null,
          "maven_output": null,
          "error_log": "Traceback (most recent call last):\n  File \"/Users/chandana/AI-Agents/java-test-agent/evals/levels/l3_agent.py\", line 97, in evaluate\n    result = agent.run(case.target_class)\n  File \"/Users/chandana/AI-Agents/java-test-agent/src/java_agent.py\", line 253, in run\n    test_code = direct_gen.generate_for_class(\n        target_class,\n        project_context,\n        test_examples_finder=test_examples_finder\n    )\n  File \"/Users/chandana/AI-Agents/java-test-agent/src/generator/direct_generator.py\", line 208, in generate_for_class\n    raw_code = self._call_llm(prompt)\n  File \"/Users/chandana/AI-Agents/java-test-agent/src/generator/direct_generator.py\", line 567, in _call_llm\n    response = self._call_openrouter(prompt)\n  File \"/Users/chandana/AI-Agents/java-test-agent/src/generator/direct_generator.py\", line 635, in _call_openrouter\n    raise RuntimeError(f\"OpenRouter API error: {response.status_code} - {response.text}\")\nRuntimeError: OpenRouter API error: 401 - {\"error\":{\"message\":\"User not found.\",\"code\":401}}\n"
        }
      ],
      "pass_at_k": {
        "k": 1,
        "n_pass": 0,
        "pass_rate": 0.0,
        "pass_at_1": 0.0,
        "pass_at_5": null,
        "pass_at_10": null
      },
      "total_duration_sec": 1.012444,
      "started_at": "2026-01-12T15:19:00.857588",
      "completed_at": "2026-01-12T15:19:01.870032",
      "error_message": null,
      "error_traceback": null,
      "python_version": null,
      "java_version": null,
      "maven_version": null
    },
    {
      "eval_case_id": "petclinic-pet-002",
      "run_id": "b842d436",
      "model": "x-ai/grok-code-fast-1",
      "model_temperature": 0.0,
      "status": "error",
      "sample_results": [
        {
          "sample_index": 0,
          "status": "error",
          "grader_outputs": [],
          "tests_generated": 0,
          "tests_passed": 0,
          "tests_failed": 0,
          "compilation_errors": 0,
          "react_iterations": 0,
          "fixes_applied": 0,
          "duration_sec": 0.6279470920562744,
          "generated_test_code": null,
          "maven_output": null,
          "error_log": "Traceback (most recent call last):\n  File \"/Users/chandana/AI-Agents/java-test-agent/evals/levels/l3_agent.py\", line 97, in evaluate\n    result = agent.run(case.target_class)\n  File \"/Users/chandana/AI-Agents/java-test-agent/src/java_agent.py\", line 253, in run\n    test_code = direct_gen.generate_for_class(\n        target_class,\n        project_context,\n        test_examples_finder=test_examples_finder\n    )\n  File \"/Users/chandana/AI-Agents/java-test-agent/src/generator/direct_generator.py\", line 208, in generate_for_class\n    raw_code = self._call_llm(prompt)\n  File \"/Users/chandana/AI-Agents/java-test-agent/src/generator/direct_generator.py\", line 567, in _call_llm\n    response = self._call_openrouter(prompt)\n  File \"/Users/chandana/AI-Agents/java-test-agent/src/generator/direct_generator.py\", line 635, in _call_openrouter\n    raise RuntimeError(f\"OpenRouter API error: {response.status_code} - {response.text}\")\nRuntimeError: OpenRouter API error: 401 - {\"error\":{\"message\":\"User not found.\",\"code\":401}}\n"
        }
      ],
      "pass_at_k": {
        "k": 1,
        "n_pass": 0,
        "pass_rate": 0.0,
        "pass_at_1": 0.0,
        "pass_at_5": null,
        "pass_at_10": null
      },
      "total_duration_sec": 0.628556,
      "started_at": "2026-01-12T15:19:01.870069",
      "completed_at": "2026-01-12T15:19:02.498625",
      "error_message": null,
      "error_traceback": null,
      "python_version": null,
      "java_version": null,
      "maven_version": null
    },
    {
      "eval_case_id": "petclinic-owner-003",
      "run_id": "b7eac661",
      "model": "x-ai/grok-code-fast-1",
      "model_temperature": 0.0,
      "status": "error",
      "sample_results": [
        {
          "sample_index": 0,
          "status": "error",
          "grader_outputs": [],
          "tests_generated": 0,
          "tests_passed": 0,
          "tests_failed": 0,
          "compilation_errors": 0,
          "react_iterations": 0,
          "fixes_applied": 0,
          "duration_sec": 0.33617401123046875,
          "generated_test_code": null,
          "maven_output": null,
          "error_log": "Traceback (most recent call last):\n  File \"/Users/chandana/AI-Agents/java-test-agent/evals/levels/l3_agent.py\", line 97, in evaluate\n    result = agent.run(case.target_class)\n  File \"/Users/chandana/AI-Agents/java-test-agent/src/java_agent.py\", line 253, in run\n    test_code = direct_gen.generate_for_class(\n        target_class,\n        project_context,\n        test_examples_finder=test_examples_finder\n    )\n  File \"/Users/chandana/AI-Agents/java-test-agent/src/generator/direct_generator.py\", line 208, in generate_for_class\n    raw_code = self._call_llm(prompt)\n  File \"/Users/chandana/AI-Agents/java-test-agent/src/generator/direct_generator.py\", line 567, in _call_llm\n    response = self._call_openrouter(prompt)\n  File \"/Users/chandana/AI-Agents/java-test-agent/src/generator/direct_generator.py\", line 635, in _call_openrouter\n    raise RuntimeError(f\"OpenRouter API error: {response.status_code} - {response.text}\")\nRuntimeError: OpenRouter API error: 401 - {\"error\":{\"message\":\"User not found.\",\"code\":401}}\n"
        }
      ],
      "pass_at_k": {
        "k": 1,
        "n_pass": 0,
        "pass_rate": 0.0,
        "pass_at_1": 0.0,
        "pass_at_5": null,
        "pass_at_10": null
      },
      "total_duration_sec": 0.33679,
      "started_at": "2026-01-12T15:19:02.498664",
      "completed_at": "2026-01-12T15:19:02.835454",
      "error_message": null,
      "error_traceback": null,
      "python_version": null,
      "java_version": null,
      "maven_version": null
    },
    {
      "eval_case_id": "petclinic-visit-004",
      "run_id": "e9b2264e",
      "model": "x-ai/grok-code-fast-1",
      "model_temperature": 0.0,
      "status": "error",
      "sample_results": [
        {
          "sample_index": 0,
          "status": "error",
          "grader_outputs": [],
          "tests_generated": 0,
          "tests_passed": 0,
          "tests_failed": 0,
          "compilation_errors": 0,
          "react_iterations": 0,
          "fixes_applied": 0,
          "duration_sec": 0.5109293460845947,
          "generated_test_code": null,
          "maven_output": null,
          "error_log": "Traceback (most recent call last):\n  File \"/Users/chandana/AI-Agents/java-test-agent/evals/levels/l3_agent.py\", line 97, in evaluate\n    result = agent.run(case.target_class)\n  File \"/Users/chandana/AI-Agents/java-test-agent/src/java_agent.py\", line 253, in run\n    test_code = direct_gen.generate_for_class(\n        target_class,\n        project_context,\n        test_examples_finder=test_examples_finder\n    )\n  File \"/Users/chandana/AI-Agents/java-test-agent/src/generator/direct_generator.py\", line 208, in generate_for_class\n    raw_code = self._call_llm(prompt)\n  File \"/Users/chandana/AI-Agents/java-test-agent/src/generator/direct_generator.py\", line 567, in _call_llm\n    response = self._call_openrouter(prompt)\n  File \"/Users/chandana/AI-Agents/java-test-agent/src/generator/direct_generator.py\", line 635, in _call_openrouter\n    raise RuntimeError(f\"OpenRouter API error: {response.status_code} - {response.text}\")\nRuntimeError: OpenRouter API error: 401 - {\"error\":{\"message\":\"User not found.\",\"code\":401}}\n"
        }
      ],
      "pass_at_k": {
        "k": 1,
        "n_pass": 0,
        "pass_rate": 0.0,
        "pass_at_1": 0.0,
        "pass_at_5": null,
        "pass_at_10": null
      },
      "total_duration_sec": 0.511578,
      "started_at": "2026-01-12T15:19:02.835496",
      "completed_at": "2026-01-12T15:19:03.347074",
      "error_message": null,
      "error_traceback": null,
      "python_version": null,
      "java_version": null,
      "maven_version": null
    },
    {
      "eval_case_id": "petclinic-pettype-005",
      "run_id": "2511a12b",
      "model": "x-ai/grok-code-fast-1",
      "model_temperature": 0.0,
      "status": "skipped",
      "sample_results": [
        {
          "sample_index": 0,
          "status": "skipped",
          "grader_outputs": [],
          "tests_generated": 0,
          "tests_passed": 0,
          "tests_failed": 0,
          "compilation_errors": 0,
          "react_iterations": 0,
          "fixes_applied": 0,
          "duration_sec": 0.002162933349609375,
          "generated_test_code": "# Skipped: class has no methods to test",
          "maven_output": null,
          "error_log": null
        }
      ],
      "pass_at_k": {
        "k": 1,
        "n_pass": 0,
        "pass_rate": 0.0,
        "pass_at_1": 0.0,
        "pass_at_5": null,
        "pass_at_10": null
      },
      "total_duration_sec": 0.002317,
      "started_at": "2026-01-12T15:19:03.347123",
      "completed_at": "2026-01-12T15:19:03.349440",
      "error_message": null,
      "error_traceback": null,
      "python_version": null,
      "java_version": null,
      "maven_version": null
    },
    {
      "eval_case_id": "petclinic-specialty-006",
      "run_id": "1e074ebb",
      "model": "x-ai/grok-code-fast-1",
      "model_temperature": 0.0,
      "status": "skipped",
      "sample_results": [
        {
          "sample_index": 0,
          "status": "skipped",
          "grader_outputs": [],
          "tests_generated": 0,
          "tests_passed": 0,
          "tests_failed": 0,
          "compilation_errors": 0,
          "react_iterations": 0,
          "fixes_applied": 0,
          "duration_sec": 0.0015132427215576172,
          "generated_test_code": "# Skipped: class has no methods to test",
          "maven_output": null,
          "error_log": null
        }
      ],
      "pass_at_k": {
        "k": 1,
        "n_pass": 0,
        "pass_rate": 0.0,
        "pass_at_1": 0.0,
        "pass_at_5": null,
        "pass_at_10": null
      },
      "total_duration_sec": 0.00163,
      "started_at": "2026-01-12T15:19:03.349472",
      "completed_at": "2026-01-12T15:19:03.351102",
      "error_message": null,
      "error_traceback": null,
      "python_version": null,
      "java_version": null,
      "maven_version": null
    },
    {
      "eval_case_id": "petclinic-vets-007",
      "run_id": "5bed602e",
      "model": "x-ai/grok-code-fast-1",
      "model_temperature": 0.0,
      "status": "error",
      "sample_results": [
        {
          "sample_index": 0,
          "status": "error",
          "grader_outputs": [],
          "tests_generated": 0,
          "tests_passed": 0,
          "tests_failed": 0,
          "compilation_errors": 0,
          "react_iterations": 0,
          "fixes_applied": 0,
          "duration_sec": 0.4152810573577881,
          "generated_test_code": null,
          "maven_output": null,
          "error_log": "Traceback (most recent call last):\n  File \"/Users/chandana/AI-Agents/java-test-agent/evals/levels/l3_agent.py\", line 97, in evaluate\n    result = agent.run(case.target_class)\n  File \"/Users/chandana/AI-Agents/java-test-agent/src/java_agent.py\", line 253, in run\n    test_code = direct_gen.generate_for_class(\n        target_class,\n        project_context,\n        test_examples_finder=test_examples_finder\n    )\n  File \"/Users/chandana/AI-Agents/java-test-agent/src/generator/direct_generator.py\", line 208, in generate_for_class\n    raw_code = self._call_llm(prompt)\n  File \"/Users/chandana/AI-Agents/java-test-agent/src/generator/direct_generator.py\", line 567, in _call_llm\n    response = self._call_openrouter(prompt)\n  File \"/Users/chandana/AI-Agents/java-test-agent/src/generator/direct_generator.py\", line 635, in _call_openrouter\n    raise RuntimeError(f\"OpenRouter API error: {response.status_code} - {response.text}\")\nRuntimeError: OpenRouter API error: 401 - {\"error\":{\"message\":\"User not found.\",\"code\":401}}\n"
        }
      ],
      "pass_at_k": {
        "k": 1,
        "n_pass": 0,
        "pass_rate": 0.0,
        "pass_at_1": 0.0,
        "pass_at_5": null,
        "pass_at_10": null
      },
      "total_duration_sec": 0.416771,
      "started_at": "2026-01-12T15:19:03.351122",
      "completed_at": "2026-01-12T15:19:03.767893",
      "error_message": null,
      "error_traceback": null,
      "python_version": null,
      "java_version": null,
      "maven_version": null
    },
    {
      "eval_case_id": "petclinic-baseentity-008",
      "run_id": "eafb1a67",
      "model": "x-ai/grok-code-fast-1",
      "model_temperature": 0.0,
      "status": "error",
      "sample_results": [
        {
          "sample_index": 0,
          "status": "error",
          "grader_outputs": [],
          "tests_generated": 0,
          "tests_passed": 0,
          "tests_failed": 0,
          "compilation_errors": 0,
          "react_iterations": 0,
          "fixes_applied": 0,
          "duration_sec": 0.35952162742614746,
          "generated_test_code": null,
          "maven_output": null,
          "error_log": "Traceback (most recent call last):\n  File \"/Users/chandana/AI-Agents/java-test-agent/evals/levels/l3_agent.py\", line 97, in evaluate\n    result = agent.run(case.target_class)\n  File \"/Users/chandana/AI-Agents/java-test-agent/src/java_agent.py\", line 253, in run\n    test_code = direct_gen.generate_for_class(\n        target_class,\n        project_context,\n        test_examples_finder=test_examples_finder\n    )\n  File \"/Users/chandana/AI-Agents/java-test-agent/src/generator/direct_generator.py\", line 208, in generate_for_class\n    raw_code = self._call_llm(prompt)\n  File \"/Users/chandana/AI-Agents/java-test-agent/src/generator/direct_generator.py\", line 567, in _call_llm\n    response = self._call_openrouter(prompt)\n  File \"/Users/chandana/AI-Agents/java-test-agent/src/generator/direct_generator.py\", line 635, in _call_openrouter\n    raise RuntimeError(f\"OpenRouter API error: {response.status_code} - {response.text}\")\nRuntimeError: OpenRouter API error: 401 - {\"error\":{\"message\":\"User not found.\",\"code\":401}}\n"
        }
      ],
      "pass_at_k": {
        "k": 1,
        "n_pass": 0,
        "pass_rate": 0.0,
        "pass_at_1": 0.0,
        "pass_at_5": null,
        "pass_at_10": null
      },
      "total_duration_sec": 0.360359,
      "started_at": "2026-01-12T15:19:03.767994",
      "completed_at": "2026-01-12T15:19:04.128353",
      "error_message": null,
      "error_traceback": null,
      "python_version": null,
      "java_version": null,
      "maven_version": null
    },
    {
      "eval_case_id": "petclinic-namedentity-009",
      "run_id": "b9d14155",
      "model": "x-ai/grok-code-fast-1",
      "model_temperature": 0.0,
      "status": "error",
      "sample_results": [
        {
          "sample_index": 0,
          "status": "error",
          "grader_outputs": [],
          "tests_generated": 0,
          "tests_passed": 0,
          "tests_failed": 0,
          "compilation_errors": 0,
          "react_iterations": 0,
          "fixes_applied": 0,
          "duration_sec": 0.37187623977661133,
          "generated_test_code": null,
          "maven_output": null,
          "error_log": "Traceback (most recent call last):\n  File \"/Users/chandana/AI-Agents/java-test-agent/evals/levels/l3_agent.py\", line 97, in evaluate\n    result = agent.run(case.target_class)\n  File \"/Users/chandana/AI-Agents/java-test-agent/src/java_agent.py\", line 253, in run\n    test_code = direct_gen.generate_for_class(\n        target_class,\n        project_context,\n        test_examples_finder=test_examples_finder\n    )\n  File \"/Users/chandana/AI-Agents/java-test-agent/src/generator/direct_generator.py\", line 208, in generate_for_class\n    raw_code = self._call_llm(prompt)\n  File \"/Users/chandana/AI-Agents/java-test-agent/src/generator/direct_generator.py\", line 567, in _call_llm\n    response = self._call_openrouter(prompt)\n  File \"/Users/chandana/AI-Agents/java-test-agent/src/generator/direct_generator.py\", line 635, in _call_openrouter\n    raise RuntimeError(f\"OpenRouter API error: {response.status_code} - {response.text}\")\nRuntimeError: OpenRouter API error: 401 - {\"error\":{\"message\":\"User not found.\",\"code\":401}}\n"
        }
      ],
      "pass_at_k": {
        "k": 1,
        "n_pass": 0,
        "pass_rate": 0.0,
        "pass_at_1": 0.0,
        "pass_at_5": null,
        "pass_at_10": null
      },
      "total_duration_sec": 0.372483,
      "started_at": "2026-01-12T15:19:04.128388",
      "completed_at": "2026-01-12T15:19:04.500871",
      "error_message": null,
      "error_traceback": null,
      "python_version": null,
      "java_version": null,
      "maven_version": null
    },
    {
      "eval_case_id": "petclinic-person-010",
      "run_id": "e34f8a40",
      "model": "x-ai/grok-code-fast-1",
      "model_temperature": 0.0,
      "status": "error",
      "sample_results": [
        {
          "sample_index": 0,
          "status": "error",
          "grader_outputs": [],
          "tests_generated": 0,
          "tests_passed": 0,
          "tests_failed": 0,
          "compilation_errors": 0,
          "react_iterations": 0,
          "fixes_applied": 0,
          "duration_sec": 0.6178581714630127,
          "generated_test_code": null,
          "maven_output": null,
          "error_log": "Traceback (most recent call last):\n  File \"/Users/chandana/AI-Agents/java-test-agent/evals/levels/l3_agent.py\", line 97, in evaluate\n    result = agent.run(case.target_class)\n  File \"/Users/chandana/AI-Agents/java-test-agent/src/java_agent.py\", line 253, in run\n    test_code = direct_gen.generate_for_class(\n        target_class,\n        project_context,\n        test_examples_finder=test_examples_finder\n    )\n  File \"/Users/chandana/AI-Agents/java-test-agent/src/generator/direct_generator.py\", line 208, in generate_for_class\n    raw_code = self._call_llm(prompt)\n  File \"/Users/chandana/AI-Agents/java-test-agent/src/generator/direct_generator.py\", line 567, in _call_llm\n    response = self._call_openrouter(prompt)\n  File \"/Users/chandana/AI-Agents/java-test-agent/src/generator/direct_generator.py\", line 635, in _call_openrouter\n    raise RuntimeError(f\"OpenRouter API error: {response.status_code} - {response.text}\")\nRuntimeError: OpenRouter API error: 401 - {\"error\":{\"message\":\"User not found.\",\"code\":401}}\n"
        }
      ],
      "pass_at_k": {
        "k": 1,
        "n_pass": 0,
        "pass_rate": 0.0,
        "pass_at_1": 0.0,
        "pass_at_5": null,
        "pass_at_10": null
      },
      "total_duration_sec": 0.618508,
      "started_at": "2026-01-12T15:19:04.500914",
      "completed_at": "2026-01-12T15:19:05.119422",
      "error_message": null,
      "error_traceback": null,
      "python_version": null,
      "java_version": null,
      "maven_version": null
    },
    {
      "eval_case_id": "petclinic-vetcontroller-011",
      "run_id": "7047dce2",
      "model": "x-ai/grok-code-fast-1",
      "model_temperature": 0.0,
      "status": "error",
      "sample_results": [
        {
          "sample_index": 0,
          "status": "error",
          "grader_outputs": [],
          "tests_generated": 0,
          "tests_passed": 0,
          "tests_failed": 0,
          "compilation_errors": 0,
          "react_iterations": 0,
          "fixes_applied": 0,
          "duration_sec": 0.3568990230560303,
          "generated_test_code": null,
          "maven_output": null,
          "error_log": "Traceback (most recent call last):\n  File \"/Users/chandana/AI-Agents/java-test-agent/evals/levels/l3_agent.py\", line 97, in evaluate\n    result = agent.run(case.target_class)\n  File \"/Users/chandana/AI-Agents/java-test-agent/src/java_agent.py\", line 253, in run\n    test_code = direct_gen.generate_for_class(\n        target_class,\n        project_context,\n        test_examples_finder=test_examples_finder\n    )\n  File \"/Users/chandana/AI-Agents/java-test-agent/src/generator/direct_generator.py\", line 208, in generate_for_class\n    raw_code = self._call_llm(prompt)\n  File \"/Users/chandana/AI-Agents/java-test-agent/src/generator/direct_generator.py\", line 567, in _call_llm\n    response = self._call_openrouter(prompt)\n  File \"/Users/chandana/AI-Agents/java-test-agent/src/generator/direct_generator.py\", line 635, in _call_openrouter\n    raise RuntimeError(f\"OpenRouter API error: {response.status_code} - {response.text}\")\nRuntimeError: OpenRouter API error: 401 - {\"error\":{\"message\":\"User not found.\",\"code\":401}}\n"
        }
      ],
      "pass_at_k": {
        "k": 1,
        "n_pass": 0,
        "pass_rate": 0.0,
        "pass_at_1": 0.0,
        "pass_at_5": null,
        "pass_at_10": null
      },
      "total_duration_sec": 0.357561,
      "started_at": "2026-01-12T15:19:05.119467",
      "completed_at": "2026-01-12T15:19:05.477028",
      "error_message": null,
      "error_traceback": null,
      "python_version": null,
      "java_version": null,
      "maven_version": null
    },
    {
      "eval_case_id": "petclinic-petvalidator-012",
      "run_id": "10b684b6",
      "model": "x-ai/grok-code-fast-1",
      "model_temperature": 0.0,
      "status": "error",
      "sample_results": [
        {
          "sample_index": 0,
          "status": "error",
          "grader_outputs": [],
          "tests_generated": 0,
          "tests_passed": 0,
          "tests_failed": 0,
          "compilation_errors": 0,
          "react_iterations": 0,
          "fixes_applied": 0,
          "duration_sec": 0.29192304611206055,
          "generated_test_code": null,
          "maven_output": null,
          "error_log": "Traceback (most recent call last):\n  File \"/Users/chandana/AI-Agents/java-test-agent/evals/levels/l3_agent.py\", line 97, in evaluate\n    result = agent.run(case.target_class)\n  File \"/Users/chandana/AI-Agents/java-test-agent/src/java_agent.py\", line 253, in run\n    test_code = direct_gen.generate_for_class(\n        target_class,\n        project_context,\n        test_examples_finder=test_examples_finder\n    )\n  File \"/Users/chandana/AI-Agents/java-test-agent/src/generator/direct_generator.py\", line 208, in generate_for_class\n    raw_code = self._call_llm(prompt)\n  File \"/Users/chandana/AI-Agents/java-test-agent/src/generator/direct_generator.py\", line 567, in _call_llm\n    response = self._call_openrouter(prompt)\n  File \"/Users/chandana/AI-Agents/java-test-agent/src/generator/direct_generator.py\", line 635, in _call_openrouter\n    raise RuntimeError(f\"OpenRouter API error: {response.status_code} - {response.text}\")\nRuntimeError: OpenRouter API error: 401 - {\"error\":{\"message\":\"User not found.\",\"code\":401}}\n"
        }
      ],
      "pass_at_k": {
        "k": 1,
        "n_pass": 0,
        "pass_rate": 0.0,
        "pass_at_1": 0.0,
        "pass_at_5": null,
        "pass_at_10": null
      },
      "total_duration_sec": 0.292679,
      "started_at": "2026-01-12T15:19:05.477092",
      "completed_at": "2026-01-12T15:19:05.769771",
      "error_message": null,
      "error_traceback": null,
      "python_version": null,
      "java_version": null,
      "maven_version": null
    },
    {
      "eval_case_id": "petclinic-pettypeformatter-013",
      "run_id": "b3cf1834",
      "model": "x-ai/grok-code-fast-1",
      "model_temperature": 0.0,
      "status": "error",
      "sample_results": [
        {
          "sample_index": 0,
          "status": "error",
          "grader_outputs": [],
          "tests_generated": 0,
          "tests_passed": 0,
          "tests_failed": 0,
          "compilation_errors": 0,
          "react_iterations": 0,
          "fixes_applied": 0,
          "duration_sec": 0.24997806549072266,
          "generated_test_code": null,
          "maven_output": null,
          "error_log": "Traceback (most recent call last):\n  File \"/Users/chandana/AI-Agents/java-test-agent/evals/levels/l3_agent.py\", line 97, in evaluate\n    result = agent.run(case.target_class)\n  File \"/Users/chandana/AI-Agents/java-test-agent/src/java_agent.py\", line 253, in run\n    test_code = direct_gen.generate_for_class(\n        target_class,\n        project_context,\n        test_examples_finder=test_examples_finder\n    )\n  File \"/Users/chandana/AI-Agents/java-test-agent/src/generator/direct_generator.py\", line 208, in generate_for_class\n    raw_code = self._call_llm(prompt)\n  File \"/Users/chandana/AI-Agents/java-test-agent/src/generator/direct_generator.py\", line 567, in _call_llm\n    response = self._call_openrouter(prompt)\n  File \"/Users/chandana/AI-Agents/java-test-agent/src/generator/direct_generator.py\", line 635, in _call_openrouter\n    raise RuntimeError(f\"OpenRouter API error: {response.status_code} - {response.text}\")\nRuntimeError: OpenRouter API error: 401 - {\"error\":{\"message\":\"User not found.\",\"code\":401}}\n"
        }
      ],
      "pass_at_k": {
        "k": 1,
        "n_pass": 0,
        "pass_rate": 0.0,
        "pass_at_1": 0.0,
        "pass_at_5": null,
        "pass_at_10": null
      },
      "total_duration_sec": 0.250642,
      "started_at": "2026-01-12T15:19:05.769865",
      "completed_at": "2026-01-12T15:19:06.020507",
      "error_message": null,
      "error_traceback": null,
      "python_version": null,
      "java_version": null,
      "maven_version": null
    },
    {
      "eval_case_id": "petclinic-ownercontroller-014",
      "run_id": "09580e2d",
      "model": "x-ai/grok-code-fast-1",
      "model_temperature": 0.0,
      "status": "error",
      "sample_results": [
        {
          "sample_index": 0,
          "status": "error",
          "grader_outputs": [],
          "tests_generated": 0,
          "tests_passed": 0,
          "tests_failed": 0,
          "compilation_errors": 0,
          "react_iterations": 0,
          "fixes_applied": 0,
          "duration_sec": 0.44357728958129883,
          "generated_test_code": null,
          "maven_output": null,
          "error_log": "Traceback (most recent call last):\n  File \"/Users/chandana/AI-Agents/java-test-agent/evals/levels/l3_agent.py\", line 97, in evaluate\n    result = agent.run(case.target_class)\n  File \"/Users/chandana/AI-Agents/java-test-agent/src/java_agent.py\", line 253, in run\n    test_code = direct_gen.generate_for_class(\n        target_class,\n        project_context,\n        test_examples_finder=test_examples_finder\n    )\n  File \"/Users/chandana/AI-Agents/java-test-agent/src/generator/direct_generator.py\", line 208, in generate_for_class\n    raw_code = self._call_llm(prompt)\n  File \"/Users/chandana/AI-Agents/java-test-agent/src/generator/direct_generator.py\", line 567, in _call_llm\n    response = self._call_openrouter(prompt)\n  File \"/Users/chandana/AI-Agents/java-test-agent/src/generator/direct_generator.py\", line 635, in _call_openrouter\n    raise RuntimeError(f\"OpenRouter API error: {response.status_code} - {response.text}\")\nRuntimeError: OpenRouter API error: 401 - {\"error\":{\"message\":\"User not found.\",\"code\":401}}\n"
        }
      ],
      "pass_at_k": {
        "k": 1,
        "n_pass": 0,
        "pass_rate": 0.0,
        "pass_at_1": 0.0,
        "pass_at_5": null,
        "pass_at_10": null
      },
      "total_duration_sec": 0.444219,
      "started_at": "2026-01-12T15:19:06.020546",
      "completed_at": "2026-01-12T15:19:06.464765",
      "error_message": null,
      "error_traceback": null,
      "python_version": null,
      "java_version": null,
      "maven_version": null
    },
    {
      "eval_case_id": "petclinic-petcontroller-015",
      "run_id": "cc2a6579",
      "model": "x-ai/grok-code-fast-1",
      "model_temperature": 0.0,
      "status": "error",
      "sample_results": [
        {
          "sample_index": 0,
          "status": "error",
          "grader_outputs": [],
          "tests_generated": 0,
          "tests_passed": 0,
          "tests_failed": 0,
          "compilation_errors": 0,
          "react_iterations": 0,
          "fixes_applied": 0,
          "duration_sec": 0.5100369453430176,
          "generated_test_code": null,
          "maven_output": null,
          "error_log": "Traceback (most recent call last):\n  File \"/Users/chandana/AI-Agents/java-test-agent/evals/levels/l3_agent.py\", line 97, in evaluate\n    result = agent.run(case.target_class)\n  File \"/Users/chandana/AI-Agents/java-test-agent/src/java_agent.py\", line 253, in run\n    test_code = direct_gen.generate_for_class(\n        target_class,\n        project_context,\n        test_examples_finder=test_examples_finder\n    )\n  File \"/Users/chandana/AI-Agents/java-test-agent/src/generator/direct_generator.py\", line 208, in generate_for_class\n    raw_code = self._call_llm(prompt)\n  File \"/Users/chandana/AI-Agents/java-test-agent/src/generator/direct_generator.py\", line 567, in _call_llm\n    response = self._call_openrouter(prompt)\n  File \"/Users/chandana/AI-Agents/java-test-agent/src/generator/direct_generator.py\", line 635, in _call_openrouter\n    raise RuntimeError(f\"OpenRouter API error: {response.status_code} - {response.text}\")\nRuntimeError: OpenRouter API error: 401 - {\"error\":{\"message\":\"User not found.\",\"code\":401}}\n"
        }
      ],
      "pass_at_k": {
        "k": 1,
        "n_pass": 0,
        "pass_rate": 0.0,
        "pass_at_1": 0.0,
        "pass_at_5": null,
        "pass_at_10": null
      },
      "total_duration_sec": 0.510783,
      "started_at": "2026-01-12T15:19:06.464805",
      "completed_at": "2026-01-12T15:19:06.975588",
      "error_message": null,
      "error_traceback": null,
      "python_version": null,
      "java_version": null,
      "maven_version": null
    },
    {
      "eval_case_id": "petclinic-visitcontroller-016",
      "run_id": "2115b2df",
      "model": "x-ai/grok-code-fast-1",
      "model_temperature": 0.0,
      "status": "error",
      "sample_results": [
        {
          "sample_index": 0,
          "status": "error",
          "grader_outputs": [],
          "tests_generated": 0,
          "tests_passed": 0,
          "tests_failed": 0,
          "compilation_errors": 0,
          "react_iterations": 0,
          "fixes_applied": 0,
          "duration_sec": 0.5140910148620605,
          "generated_test_code": null,
          "maven_output": null,
          "error_log": "Traceback (most recent call last):\n  File \"/Users/chandana/AI-Agents/java-test-agent/evals/levels/l3_agent.py\", line 97, in evaluate\n    result = agent.run(case.target_class)\n  File \"/Users/chandana/AI-Agents/java-test-agent/src/java_agent.py\", line 253, in run\n    test_code = direct_gen.generate_for_class(\n        target_class,\n        project_context,\n        test_examples_finder=test_examples_finder\n    )\n  File \"/Users/chandana/AI-Agents/java-test-agent/src/generator/direct_generator.py\", line 208, in generate_for_class\n    raw_code = self._call_llm(prompt)\n  File \"/Users/chandana/AI-Agents/java-test-agent/src/generator/direct_generator.py\", line 567, in _call_llm\n    response = self._call_openrouter(prompt)\n  File \"/Users/chandana/AI-Agents/java-test-agent/src/generator/direct_generator.py\", line 635, in _call_openrouter\n    raise RuntimeError(f\"OpenRouter API error: {response.status_code} - {response.text}\")\nRuntimeError: OpenRouter API error: 401 - {\"error\":{\"message\":\"User not found.\",\"code\":401}}\n"
        }
      ],
      "pass_at_k": {
        "k": 1,
        "n_pass": 0,
        "pass_rate": 0.0,
        "pass_at_1": 0.0,
        "pass_at_5": null,
        "pass_at_10": null
      },
      "total_duration_sec": 0.514728,
      "started_at": "2026-01-12T15:19:06.975635",
      "completed_at": "2026-01-12T15:19:07.490363",
      "error_message": null,
      "error_traceback": null,
      "python_version": null,
      "java_version": null,
      "maven_version": null
    }
  ],
  "summary": {
    "total_cases": 16,
    "passed": 0,
    "failed": 0,
    "errors": 14,
    "timeouts": 0,
    "skipped": 2,
    "overall_pass_rate": 0.0,
    "avg_tests_generated": 0.0,
    "avg_tests_passed": 0.0,
    "avg_duration_sec": 0.41384588181972504,
    "avg_react_iterations": 0.0,
    "by_complexity": {},
    "by_level": {}
  },
  "started_at": "2026-01-12T15:19:00.857573",
  "completed_at": "2026-01-12T15:19:07.490390",
  "baseline_run_id": null
}